{
  "stats": {
    "suites": 1,
    "tests": 6,
    "passes": 6,
    "pending": 0,
    "failures": 0,
    "start": "2025-01-31T15:38:58.918Z",
    "end": "2025-01-31T15:39:28.494Z",
    "duration": 29576,
    "testsRegistered": 6,
    "passPercent": 100,
    "pendingPercent": 0,
    "other": 0,
    "hasOther": false,
    "skipped": 0,
    "hasSkipped": false
  },
  "results": [
    {
      "uuid": "d1bc3117-2488-4411-ac1a-1c5e7367a56d",
      "title": "",
      "fullFile": "cypress\\e2e\\Integration\\Teste-Login.cy.js",
      "file": "cypress\\e2e\\Integration\\Teste-Login.cy.js",
      "beforeHooks": [],
      "afterHooks": [],
      "tests": [],
      "suites": [
        {
          "uuid": "0f3d3514-e03d-44bc-83d5-231d5a7b8f13",
          "title": "template spec",
          "fullFile": "",
          "file": "",
          "beforeHooks": [],
          "afterHooks": [],
          "tests": [
            {
              "title": "Validar login com credenciais válidas",
              "fullTitle": "template spec Validar login com credenciais válidas",
              "timedOut": null,
              "duration": 4656,
              "state": "passed",
              "speed": "fast",
              "pass": true,
              "fail": false,
              "pending": false,
              "context": null,
              "code": "_login.default.preencherLoginSucesso();\n_login.default.botaoConfirmar();\n_login.default.mensagemConfirmacao();",
              "err": {},
              "uuid": "d5d36f3d-ebaf-43f9-a262-62f9a434968b",
              "parentUUID": "0f3d3514-e03d-44bc-83d5-231d5a7b8f13",
              "isHook": false,
              "skipped": false
            },
            {
              "title": "Validar login com usuário bloqueado",
              "fullTitle": "template spec Validar login com usuário bloqueado",
              "timedOut": null,
              "duration": 1506,
              "state": "passed",
              "speed": "fast",
              "pass": true,
              "fail": false,
              "pending": false,
              "context": null,
              "code": "_login.default.preencherLoginBloqueado();\n_login.default.botaoConfirmar();\n_login.default.mensagemUsuarioBloqueado();",
              "err": {},
              "uuid": "6b484467-da7c-49e7-97b7-29f02a837c4e",
              "parentUUID": "0f3d3514-e03d-44bc-83d5-231d5a7b8f13",
              "isHook": false,
              "skipped": false
            },
            {
              "title": "Validar login com credenciais inválidas",
              "fullTitle": "template spec Validar login com credenciais inválidas",
              "timedOut": null,
              "duration": 1268,
              "state": "passed",
              "speed": "fast",
              "pass": true,
              "fail": false,
              "pending": false,
              "context": null,
              "code": "_login.default.preencherLoginInvalido();\n_login.default.botaoConfirmar();\n_login.default.mensagemUsuarioInvalido();",
              "err": {},
              "uuid": "3f120759-8439-4486-afc5-29f38d892278",
              "parentUUID": "0f3d3514-e03d-44bc-83d5-231d5a7b8f13",
              "isHook": false,
              "skipped": false
            },
            {
              "title": "Validar mensagem de erro ao tentar login sem preencher os campos",
              "fullTitle": "template spec Validar mensagem de erro ao tentar login sem preencher os campos",
              "timedOut": null,
              "duration": 363,
              "state": "passed",
              "speed": "fast",
              "pass": true,
              "fail": false,
              "pending": false,
              "context": null,
              "code": "_login.default.botaoConfirmar();\n_login.default.mensagemPreenchimentoVazio();",
              "err": {},
              "uuid": "e4f63918-028a-4972-b5dd-94dceb5047d3",
              "parentUUID": "0f3d3514-e03d-44bc-83d5-231d5a7b8f13",
              "isHook": false,
              "skipped": false
            },
            {
              "title": "Validar logout com sucesso",
              "fullTitle": "template spec Validar logout com sucesso",
              "timedOut": null,
              "duration": 4371,
              "state": "passed",
              "speed": "fast",
              "pass": true,
              "fail": false,
              "pending": false,
              "context": null,
              "code": "_login.default.preencherLoginSucesso();\n_login.default.botaoConfirmar();\n_inventario.default.botaoLista();\n_inventario.default.botaoLogout();\n_inventario.default.confirmacaoPaginaInicial();",
              "err": {},
              "uuid": "7898714f-bba5-4bd0-bc28-c2d15be8b4aa",
              "parentUUID": "0f3d3514-e03d-44bc-83d5-231d5a7b8f13",
              "isHook": false,
              "skipped": false
            },
            {
              "title": "Validar login após o logout",
              "fullTitle": "template spec Validar login após o logout",
              "timedOut": null,
              "duration": 4931,
              "state": "passed",
              "speed": "fast",
              "pass": true,
              "fail": false,
              "pending": false,
              "context": null,
              "code": "_login.default.preencherLoginSucesso();\n_login.default.botaoConfirmar();\n_inventario.default.botaoLista();\n_inventario.default.botaoLogout();\n_inventario.default.confirmacaoPaginaInicial();\n_login.default.preencherLoginSucesso();\n_login.default.botaoConfirmar();\n_login.default.mensagemConfirmacao();",
              "err": {},
              "uuid": "6cae6178-e1b1-4dd8-b2cb-f2c5400669d4",
              "parentUUID": "0f3d3514-e03d-44bc-83d5-231d5a7b8f13",
              "isHook": false,
              "skipped": false
            }
          ],
          "suites": [],
          "passes": [
            "d5d36f3d-ebaf-43f9-a262-62f9a434968b",
            "6b484467-da7c-49e7-97b7-29f02a837c4e",
            "3f120759-8439-4486-afc5-29f38d892278",
            "e4f63918-028a-4972-b5dd-94dceb5047d3",
            "7898714f-bba5-4bd0-bc28-c2d15be8b4aa",
            "6cae6178-e1b1-4dd8-b2cb-f2c5400669d4"
          ],
          "failures": [],
          "pending": [],
          "skipped": [],
          "duration": 17095,
          "root": false,
          "rootEmpty": false,
          "_timeout": 2000
        }
      ],
      "passes": [],
      "failures": [],
      "pending": [],
      "skipped": [],
      "duration": 0,
      "root": true,
      "rootEmpty": true,
      "_timeout": 2000
    }
  ],
  "meta": {
    "mocha": {
      "version": "7.0.1"
    },
    "mochawesome": {
      "options": {
        "quiet": false,
        "reportFilename": "mochawesome",
        "saveHtml": true,
        "saveJson": true,
        "consoleReporter": "spec",
        "useInlineDiffs": false,
        "code": true
      },
      "version": "7.1.3"
    },
    "marge": {
      "options": {
        "reportDir": "cypress/reports",
        "overwrite": false,
        "html": true,
        "json": true
      },
      "version": "6.2.0"
    }
  }
}