{
  "stats": {
    "suites": 1,
    "tests": 11,
    "passes": 10,
    "pending": 0,
    "failures": 1,
    "start": "2025-01-30T17:52:00.161Z",
    "end": "2025-01-30T17:52:18.700Z",
    "duration": 18539,
    "testsRegistered": 11,
    "passPercent": 90.9090909090909,
    "pendingPercent": 0,
    "other": 0,
    "hasOther": false,
    "skipped": 0,
    "hasSkipped": false
  },
  "results": [
    {
      "uuid": "99022f89-24dc-4746-af86-5952d940530f",
      "title": "",
      "fullFile": "cypress\\e2e\\Integration\\Teste-Navegacao.cy.js",
      "file": "cypress\\e2e\\Integration\\Teste-Navegacao.cy.js",
      "beforeHooks": [],
      "afterHooks": [],
      "tests": [],
      "suites": [
        {
          "uuid": "004fa9b5-4a6e-47eb-9845-8923b1a8241a",
          "title": "template spec",
          "fullFile": "",
          "file": "",
          "beforeHooks": [],
          "afterHooks": [],
          "tests": [
            {
              "title": "Validar que o usuario foi redirecionamento para página de inventário",
              "fullTitle": "template spec Validar que o usuario foi redirecionamento para página de inventário",
              "timedOut": null,
              "duration": 2189,
              "state": "passed",
              "speed": "fast",
              "pass": true,
              "fail": false,
              "pending": false,
              "context": null,
              "code": "_login.default.preencherLoginSucesso();\n_login.default.botaoConfirmar();\n_inventario.default.mensagemConfirmacaoInventario();\n_inventario.default.adicionarMochilaCarrinho();",
              "err": {},
              "uuid": "30aba963-d8f7-47c7-858d-23707f6204f6",
              "parentUUID": "004fa9b5-4a6e-47eb-9845-8923b1a8241a",
              "isHook": false,
              "skipped": false
            },
            {
              "title": "Validar detalhes do produto Mochila",
              "fullTitle": "template spec Validar detalhes do produto Mochila",
              "timedOut": null,
              "duration": 1064,
              "state": "passed",
              "speed": "fast",
              "pass": true,
              "fail": false,
              "pending": false,
              "context": null,
              "code": "_login.default.preencherLoginSucesso();\n_login.default.botaoConfirmar();\n_inventario.default.mensagemConfirmacaoInventario();\n_inventario.default.descricaoProdutoMochila();\n_inventario.default.textoDescricaoMochila();",
              "err": {},
              "uuid": "1de9e748-f7e0-4267-a2d4-9b7fac3b4782",
              "parentUUID": "004fa9b5-4a6e-47eb-9845-8923b1a8241a",
              "isHook": false,
              "skipped": false
            },
            {
              "title": "Validar que o produto Mochila está adiconado ao carrinho",
              "fullTitle": "template spec Validar que o produto Mochila está adiconado ao carrinho",
              "timedOut": null,
              "duration": 1058,
              "state": "passed",
              "speed": "fast",
              "pass": true,
              "fail": false,
              "pending": false,
              "context": null,
              "code": "_login.default.preencherLoginSucesso();\n_login.default.botaoConfirmar();\n_inventario.default.mensagemConfirmacaoInventario();\n_inventario.default.adicionarMochilaCarrinho();\n_carrinho.default.botaoCarrinho();\n_carrinho.default.tituloConfirmacaoCarrinho();",
              "err": {},
              "uuid": "78190f97-a2e1-42bc-a3b6-623d95a3b38f",
              "parentUUID": "004fa9b5-4a6e-47eb-9845-8923b1a8241a",
              "isHook": false,
              "skipped": false
            },
            {
              "title": "Validar remoção do produto Jaqueta do carrinho",
              "fullTitle": "template spec Validar remoção do produto Jaqueta do carrinho",
              "timedOut": null,
              "duration": 1098,
              "state": "passed",
              "speed": "fast",
              "pass": true,
              "fail": false,
              "pending": false,
              "context": null,
              "code": "_login.default.preencherLoginSucesso();\n_login.default.botaoConfirmar();\n_inventario.default.mensagemConfirmacaoInventario();\n_inventario.default.adicionarJaquetaCarrinho();\n_carrinho.default.botaoCarrinho();\n_carrinho.default.tituloConfirmacaoCarrinho();\n_carrinho.default.botaoRemoverJaqueta();",
              "err": {},
              "uuid": "5b4783b8-225e-46ed-b0bf-e474cd2d5ca9",
              "parentUUID": "004fa9b5-4a6e-47eb-9845-8923b1a8241a",
              "isHook": false,
              "skipped": false
            },
            {
              "title": "Validar itens listados no carrinho de compras",
              "fullTitle": "template spec Validar itens listados no carrinho de compras",
              "timedOut": null,
              "duration": 1125,
              "state": "passed",
              "speed": "fast",
              "pass": true,
              "fail": false,
              "pending": false,
              "context": null,
              "code": "_login.default.preencherLoginSucesso();\n_login.default.botaoConfirmar();\n_inventario.default.mensagemConfirmacaoInventario();\n_inventario.default.adicionarbabyBodyCarrinho();\n_inventario.default.adicionarLanternaCarrinho();\n// inventario.adicionarCasacoCarrinho();\n_carrinho.default.botaoCarrinho();\n_carrinho.default.tituloConfirmacaoCarrinho();\n_carrinho.default.textoBabyBody();\n_carrinho.default.textoLanterna();\n// carrinho.textoCasaco();",
              "err": {},
              "uuid": "1fe66997-e9c6-4d90-9f1d-93a5f2477c0d",
              "parentUUID": "004fa9b5-4a6e-47eb-9845-8923b1a8241a",
              "isHook": false,
              "skipped": false
            },
            {
              "title": "Validar processo inicial de checkout",
              "fullTitle": "template spec Validar processo inicial de checkout",
              "timedOut": null,
              "duration": 1066,
              "state": "passed",
              "speed": "fast",
              "pass": true,
              "fail": false,
              "pending": false,
              "context": null,
              "code": "_login.default.preencherLoginSucesso();\n_login.default.botaoConfirmar();\n_inventario.default.mensagemConfirmacaoInventario();\n_inventario.default.adicionarLanternaCarrinho();\n_carrinho.default.botaoCarrinho();\n_carrinho.default.tituloConfirmacaoCarrinho();\n_carrinho.default.textoLanterna();\n_carrinho.default.botaoCheckout();",
              "err": {},
              "uuid": "fc506340-db27-4f94-b99a-339bb2afa07e",
              "parentUUID": "004fa9b5-4a6e-47eb-9845-8923b1a8241a",
              "isHook": false,
              "skipped": false
            },
            {
              "title": "Validar preenchimento dos campos do checkout",
              "fullTitle": "template spec Validar preenchimento dos campos do checkout",
              "timedOut": null,
              "duration": 2061,
              "state": "passed",
              "speed": "fast",
              "pass": true,
              "fail": false,
              "pending": false,
              "context": null,
              "code": "_login.default.preencherLoginSucesso();\n_login.default.botaoConfirmar();\n_inventario.default.adicionarLanternaCarrinho();\n_carrinho.default.botaoCarrinho();\n_carrinho.default.botaoCheckout();\n_saida.default.preencherCheckout();",
              "err": {},
              "uuid": "75c6a877-e363-487a-b1c8-2c7e7e0621ff",
              "parentUUID": "004fa9b5-4a6e-47eb-9845-8923b1a8241a",
              "isHook": false,
              "skipped": false
            },
            {
              "title": "Validar a finalização do pedido com informações válidas",
              "fullTitle": "template spec Validar a finalização do pedido com informações válidas",
              "timedOut": null,
              "duration": 2070,
              "state": "passed",
              "speed": "fast",
              "pass": true,
              "fail": false,
              "pending": false,
              "context": null,
              "code": "_login.default.preencherLoginSucesso();\n_login.default.botaoConfirmar();\n_inventario.default.adicionarLanternaCarrinho();\n_carrinho.default.botaoCarrinho();\n_carrinho.default.botaoCheckout();\n_saida.default.preencherCheckout();\n_saida.default.botaoContinue();\n_saida.default.mensagemPayment();\n_saida.default.mensagemShipping();\n_saida.default.botaoFinalizar();\n_saida.default.mensagemFinal();\n_saida.default.botaoBackHome();",
              "err": {},
              "uuid": "18d6ba57-1e82-402f-810a-a5f92f36c293",
              "parentUUID": "004fa9b5-4a6e-47eb-9845-8923b1a8241a",
              "isHook": false,
              "skipped": false
            },
            {
              "title": "Validar erro ao tentar finalizar o pedido com informações inválidas",
              "fullTitle": "template spec Validar erro ao tentar finalizar o pedido com informações inválidas",
              "timedOut": null,
              "duration": 2166,
              "state": "passed",
              "speed": "fast",
              "pass": true,
              "fail": false,
              "pending": false,
              "context": null,
              "code": "_login.default.preencherLoginSucesso();\n_login.default.botaoConfirmar();\n_inventario.default.adicionarLanternaCarrinho();\n_carrinho.default.botaoCarrinho();\n_carrinho.default.botaoCheckout();\n_saida.default.botaoContinue();\n_saida.default.mensagemErroFirstName();\n_saida.default.preencherPrimeiroNome();\n_saida.default.botaoContinue();\n_saida.default.mensagemErroLastName();\n_saida.default.preencherUltimoNome();\n_saida.default.botaoContinue();\n_saida.default.mensagemErroPostalCode();\n_saida.default.preencherPostalCode();\n_saida.default.botaoContinue();",
              "err": {},
              "uuid": "84088ee6-fa8d-41b8-bc0a-df7442208371",
              "parentUUID": "004fa9b5-4a6e-47eb-9845-8923b1a8241a",
              "isHook": false,
              "skipped": false
            },
            {
              "title": "Validar que os produtos estão sendo ordenados por preço crescente",
              "fullTitle": "template spec Validar que os produtos estão sendo ordenados por preço crescente",
              "timedOut": null,
              "duration": 952,
              "state": "passed",
              "speed": "fast",
              "pass": true,
              "fail": false,
              "pending": false,
              "context": null,
              "code": "_login.default.preencherLoginSucesso();\n_login.default.botaoConfirmar();\n_inventario.default.selecionarOrdenacao('lohi');\n_inventario.default.validarOrdenacaoCrescente();",
              "err": {},
              "uuid": "aa8d018c-00ad-4b87-a44d-1689e7926983",
              "parentUUID": "004fa9b5-4a6e-47eb-9845-8923b1a8241a",
              "isHook": false,
              "skipped": false
            },
            {
              "title": "Validar que os produtos estão sendo ordenados por preço decrescente",
              "fullTitle": "template spec Validar que os produtos estão sendo ordenados por preço decrescente",
              "timedOut": null,
              "duration": 1336,
              "state": "failed",
              "speed": null,
              "pass": false,
              "fail": true,
              "pending": false,
              "context": null,
              "code": "_login.default.preencherLoginSucesso();\n_login.default.botaoConfirmar();\n_inventario.default.selecionarOrdenacao('hilo');\n_inventario.default.validarOrdenacaoCrescente();",
              "err": {
                "message": "AssertionError: expected [ Array(6) ] to deeply equal [ Array(6) ]",
                "estack": "AssertionError: expected [ Array(6) ] to deeply equal [ Array(6) ]\n    at captureUserInvocationStack (https://www.saucedemo.com/__cypress/runner/cypress_runner.js:138199:94)\n    at Proxy.<anonymous> (https://www.saucedemo.com/__cypress/runner/cypress_runner.js:138227:9)\n    at Proxy.assertEql (https://www.saucedemo.com/__cypress/runner/cypress_runner.js:79882:10)\n    at Proxy.methodWrapper (https://www.saucedemo.com/__cypress/runner/cypress_runner.js:77670:25)\n    at Proxy.assertEqual (https://www.saucedemo.com/__cypress/runner/cypress_runner.js:79821:12)\n    at Proxy.methodWrapper (https://www.saucedemo.com/__cypress/runner/cypress_runner.js:77670:25)\n    at Context.eval (webpack://swaglabs_e2e_cypress/./cypress/e2e/pages/inventario.js:57:44)\n    at getRet (https://www.saucedemo.com/__cypress/runner/cypress_runner.js:118320:20)\n    at tryCatcher (https://www.saucedemo.com/__cypress/runner/cypress_runner.js:1777:23)\n    at Promise.attempt.Promise.try (https://www.saucedemo.com/__cypress/runner/cypress_runner.js:4285:29)",
                "diff": "- [ 49.99, 29.99, 15.99, 15.99, 9.99, 7.99 ]\n+ [ 7.99, 9.99, 15.99, 15.99, 29.99, 49.99 ]\n"
              },
              "uuid": "e7326089-520d-4717-97c2-e2f83e7be371",
              "parentUUID": "004fa9b5-4a6e-47eb-9845-8923b1a8241a",
              "isHook": false,
              "skipped": false
            }
          ],
          "suites": [],
          "passes": [
            "30aba963-d8f7-47c7-858d-23707f6204f6",
            "1de9e748-f7e0-4267-a2d4-9b7fac3b4782",
            "78190f97-a2e1-42bc-a3b6-623d95a3b38f",
            "5b4783b8-225e-46ed-b0bf-e474cd2d5ca9",
            "1fe66997-e9c6-4d90-9f1d-93a5f2477c0d",
            "fc506340-db27-4f94-b99a-339bb2afa07e",
            "75c6a877-e363-487a-b1c8-2c7e7e0621ff",
            "18d6ba57-1e82-402f-810a-a5f92f36c293",
            "84088ee6-fa8d-41b8-bc0a-df7442208371",
            "aa8d018c-00ad-4b87-a44d-1689e7926983"
          ],
          "failures": [
            "e7326089-520d-4717-97c2-e2f83e7be371"
          ],
          "pending": [],
          "skipped": [],
          "duration": 16185,
          "root": false,
          "rootEmpty": false,
          "_timeout": 2000
        }
      ],
      "passes": [],
      "failures": [],
      "pending": [],
      "skipped": [],
      "duration": 0,
      "root": true,
      "rootEmpty": true,
      "_timeout": 2000
    }
  ],
  "meta": {
    "mocha": {
      "version": "7.0.1"
    },
    "mochawesome": {
      "options": {
        "quiet": false,
        "reportFilename": "mochawesome",
        "saveHtml": true,
        "saveJson": true,
        "consoleReporter": "spec",
        "useInlineDiffs": false,
        "code": true
      },
      "version": "7.1.3"
    },
    "marge": {
      "options": {
        "reportDir": "cypress/reports",
        "overwrite": false,
        "html": true,
        "json": true
      },
      "version": "6.2.0"
    }
  }
}