{
  "stats": {
    "suites": 1,
    "tests": 5,
    "passes": 5,
    "pending": 0,
    "failures": 0,
    "start": "2025-01-31T15:30:58.190Z",
    "end": "2025-01-31T15:31:13.497Z",
    "duration": 15307,
    "testsRegistered": 5,
    "passPercent": 100,
    "pendingPercent": 0,
    "other": 0,
    "hasOther": false,
    "skipped": 0,
    "hasSkipped": false
  },
  "results": [
    {
      "uuid": "ee76aafc-73a1-4ac1-bf66-8e6b2160d494",
      "title": "",
      "fullFile": "cypress\\e2e\\Integration\\Teste-Login.cy.js",
      "file": "cypress\\e2e\\Integration\\Teste-Login.cy.js",
      "beforeHooks": [],
      "afterHooks": [],
      "tests": [],
      "suites": [
        {
          "uuid": "3a4d9187-6cff-4fee-bfdb-331fba3fd35d",
          "title": "template spec",
          "fullFile": "",
          "file": "",
          "beforeHooks": [],
          "afterHooks": [],
          "tests": [
            {
              "title": "Validar login com credenciais válidas",
              "fullTitle": "template spec Validar login com credenciais válidas",
              "timedOut": null,
              "duration": 3872,
              "state": "passed",
              "speed": "fast",
              "pass": true,
              "fail": false,
              "pending": false,
              "context": null,
              "code": "_login.default.preencherLoginSucesso();\n_login.default.botaoConfirmar();\n_login.default.mensagemConfirmacao();",
              "err": {},
              "uuid": "0318c86d-2fe6-4d2e-aeb5-78d2b37c2fe1",
              "parentUUID": "3a4d9187-6cff-4fee-bfdb-331fba3fd35d",
              "isHook": false,
              "skipped": false
            },
            {
              "title": "Validar login com usuário bloqueado",
              "fullTitle": "template spec Validar login com usuário bloqueado",
              "timedOut": null,
              "duration": 1441,
              "state": "passed",
              "speed": "fast",
              "pass": true,
              "fail": false,
              "pending": false,
              "context": null,
              "code": "_login.default.preencherLoginBloqueado();\n_login.default.botaoConfirmar();\n_login.default.mensagemUsuarioBloqueado();",
              "err": {},
              "uuid": "c3a3e1a6-c522-4f4d-bda7-22667e672349",
              "parentUUID": "3a4d9187-6cff-4fee-bfdb-331fba3fd35d",
              "isHook": false,
              "skipped": false
            },
            {
              "title": "Validar login com credenciais inválidas",
              "fullTitle": "template spec Validar login com credenciais inválidas",
              "timedOut": null,
              "duration": 1207,
              "state": "passed",
              "speed": "fast",
              "pass": true,
              "fail": false,
              "pending": false,
              "context": null,
              "code": "_login.default.preencherLoginInvalido();\n_login.default.botaoConfirmar();\n_login.default.mensagemUsuarioInvalido();",
              "err": {},
              "uuid": "324edc3e-9881-4030-8eaf-e3cf46e25228",
              "parentUUID": "3a4d9187-6cff-4fee-bfdb-331fba3fd35d",
              "isHook": false,
              "skipped": false
            },
            {
              "title": "Validar mensagem de erro ao tentar login sem preencher os campos",
              "fullTitle": "template spec Validar mensagem de erro ao tentar login sem preencher os campos",
              "timedOut": null,
              "duration": 351,
              "state": "passed",
              "speed": "fast",
              "pass": true,
              "fail": false,
              "pending": false,
              "context": null,
              "code": "_login.default.botaoConfirmar();\n_login.default.mensagemPreenchimentoVazio();",
              "err": {},
              "uuid": "9a15f747-9972-4425-9f38-f91d560eb308",
              "parentUUID": "3a4d9187-6cff-4fee-bfdb-331fba3fd35d",
              "isHook": false,
              "skipped": false
            },
            {
              "title": "Validar logout com sucesso",
              "fullTitle": "template spec Validar logout com sucesso",
              "timedOut": null,
              "duration": 3562,
              "state": "passed",
              "speed": "fast",
              "pass": true,
              "fail": false,
              "pending": false,
              "context": null,
              "code": "_login.default.preencherLoginSucesso();\n_login.default.botaoConfirmar();\n_inventario.default.botaoLista();\n_inventario.default.botaoLogout();\n_inventario.default.confirmacaoPaginaInicial();",
              "err": {},
              "uuid": "6add0bf4-93cc-4488-95e1-8e15e8b54788",
              "parentUUID": "3a4d9187-6cff-4fee-bfdb-331fba3fd35d",
              "isHook": false,
              "skipped": false
            }
          ],
          "suites": [],
          "passes": [
            "0318c86d-2fe6-4d2e-aeb5-78d2b37c2fe1",
            "c3a3e1a6-c522-4f4d-bda7-22667e672349",
            "324edc3e-9881-4030-8eaf-e3cf46e25228",
            "9a15f747-9972-4425-9f38-f91d560eb308",
            "6add0bf4-93cc-4488-95e1-8e15e8b54788"
          ],
          "failures": [],
          "pending": [],
          "skipped": [],
          "duration": 10433,
          "root": false,
          "rootEmpty": false,
          "_timeout": 2000
        }
      ],
      "passes": [],
      "failures": [],
      "pending": [],
      "skipped": [],
      "duration": 0,
      "root": true,
      "rootEmpty": true,
      "_timeout": 2000
    }
  ],
  "meta": {
    "mocha": {
      "version": "7.0.1"
    },
    "mochawesome": {
      "options": {
        "quiet": false,
        "reportFilename": "mochawesome",
        "saveHtml": true,
        "saveJson": true,
        "consoleReporter": "spec",
        "useInlineDiffs": false,
        "code": true
      },
      "version": "7.1.3"
    },
    "marge": {
      "options": {
        "reportDir": "cypress/reports",
        "overwrite": false,
        "html": true,
        "json": true
      },
      "version": "6.2.0"
    }
  }
}