{
  "stats": {
    "suites": 1,
    "tests": 10,
    "passes": 10,
    "pending": 0,
    "failures": 0,
    "start": "2025-01-30T16:53:59.667Z",
    "end": "2025-01-30T16:59:45.872Z",
    "duration": 346205,
    "testsRegistered": 10,
    "passPercent": 100,
    "pendingPercent": 0,
    "other": 0,
    "hasOther": false,
    "skipped": 0,
    "hasSkipped": false
  },
  "results": [
    {
      "uuid": "1ec483df-c47f-4357-8ac9-ad025ecfe587",
      "title": "",
      "fullFile": "cypress\\e2e\\Integration\\Teste-Navegacao.cy.js",
      "file": "cypress\\e2e\\Integration\\Teste-Navegacao.cy.js",
      "beforeHooks": [],
      "afterHooks": [],
      "tests": [],
      "suites": [
        {
          "uuid": "30e4ab0b-40d3-4620-ac4c-b88e9f8c3d7d",
          "title": "template spec",
          "fullFile": "",
          "file": "",
          "beforeHooks": [],
          "afterHooks": [],
          "tests": [
            {
              "title": "Validar que o usuario foi redirecionamento para página de inventário",
              "fullTitle": "template spec Validar que o usuario foi redirecionamento para página de inventário",
              "timedOut": null,
              "duration": 2045,
              "state": "passed",
              "speed": "fast",
              "pass": true,
              "fail": false,
              "pending": false,
              "context": null,
              "code": "_login.default.preencherLoginSucesso();\n_login.default.botaoConfirmar();\n_inventario.default.mensagemConfirmacaoInventario();\n_inventario.default.adicionarMochilaCarrinho();",
              "err": {},
              "uuid": "798a1d8f-39f8-46ed-8990-7b58933da6fd",
              "parentUUID": "30e4ab0b-40d3-4620-ac4c-b88e9f8c3d7d",
              "isHook": false,
              "skipped": false
            },
            {
              "title": "Validar detalhes do produto Mochila",
              "fullTitle": "template spec Validar detalhes do produto Mochila",
              "timedOut": null,
              "duration": 1852,
              "state": "passed",
              "speed": "fast",
              "pass": true,
              "fail": false,
              "pending": false,
              "context": null,
              "code": "_login.default.preencherLoginSucesso();\n_login.default.botaoConfirmar();\n_inventario.default.mensagemConfirmacaoInventario();\n_inventario.default.descricaoProdutoMochila();\n_inventario.default.textoDescricaoMochila();",
              "err": {},
              "uuid": "c2b3afc3-0a2f-4863-9ce7-e0881b1dbf3b",
              "parentUUID": "30e4ab0b-40d3-4620-ac4c-b88e9f8c3d7d",
              "isHook": false,
              "skipped": false
            },
            {
              "title": "Validar que o produto Mochila está adiconado ao carrinho",
              "fullTitle": "template spec Validar que o produto Mochila está adiconado ao carrinho",
              "timedOut": null,
              "duration": 1313,
              "state": "passed",
              "speed": "fast",
              "pass": true,
              "fail": false,
              "pending": false,
              "context": null,
              "code": "_login.default.preencherLoginSucesso();\n_login.default.botaoConfirmar();\n_inventario.default.mensagemConfirmacaoInventario();\n_inventario.default.adicionarMochilaCarrinho();\n_carrinho.default.botaoCarrinho();\n_carrinho.default.tituloConfirmacaoCarrinho();",
              "err": {},
              "uuid": "42d2ceb2-dce6-4cb5-b3d7-315e35567667",
              "parentUUID": "30e4ab0b-40d3-4620-ac4c-b88e9f8c3d7d",
              "isHook": false,
              "skipped": false
            },
            {
              "title": "Validar remoção do produto Jaqueta do carrinho",
              "fullTitle": "template spec Validar remoção do produto Jaqueta do carrinho",
              "timedOut": null,
              "duration": 1066,
              "state": "passed",
              "speed": "fast",
              "pass": true,
              "fail": false,
              "pending": false,
              "context": null,
              "code": "_login.default.preencherLoginSucesso();\n_login.default.botaoConfirmar();\n_inventario.default.mensagemConfirmacaoInventario();\n_inventario.default.adicionarJaquetaCarrinho();\n_carrinho.default.botaoCarrinho();\n_carrinho.default.tituloConfirmacaoCarrinho();\n_carrinho.default.botaoRemoverJaqueta();",
              "err": {},
              "uuid": "42d30529-0a7d-4acf-885b-9d575c4b3d1e",
              "parentUUID": "30e4ab0b-40d3-4620-ac4c-b88e9f8c3d7d",
              "isHook": false,
              "skipped": false
            },
            {
              "title": "Validar itens listados no carrinho de compras",
              "fullTitle": "template spec Validar itens listados no carrinho de compras",
              "timedOut": null,
              "duration": 1967,
              "state": "passed",
              "speed": "fast",
              "pass": true,
              "fail": false,
              "pending": false,
              "context": null,
              "code": "_login.default.preencherLoginSucesso();\n_login.default.botaoConfirmar();\n_inventario.default.mensagemConfirmacaoInventario();\n_inventario.default.adicionarbabyBodyCarrinho();\n_inventario.default.adicionarLanternaCarrinho();\n// inventario.adicionarCasacoCarrinho();\n_carrinho.default.botaoCarrinho();\n_carrinho.default.tituloConfirmacaoCarrinho();\n_carrinho.default.textoBabyBody();\n_carrinho.default.textoLanterna();\n// carrinho.textoCasaco();",
              "err": {},
              "uuid": "c08c7353-42d2-4592-a25a-2a81be5848d5",
              "parentUUID": "30e4ab0b-40d3-4620-ac4c-b88e9f8c3d7d",
              "isHook": false,
              "skipped": false
            },
            {
              "title": "Validar processo inicial de checkout",
              "fullTitle": "template spec Validar processo inicial de checkout",
              "timedOut": null,
              "duration": 2521,
              "state": "passed",
              "speed": "fast",
              "pass": true,
              "fail": false,
              "pending": false,
              "context": null,
              "code": "_login.default.preencherLoginSucesso();\n_login.default.botaoConfirmar();\n_inventario.default.mensagemConfirmacaoInventario();\n_inventario.default.adicionarLanternaCarrinho();\n_carrinho.default.botaoCarrinho();\n_carrinho.default.tituloConfirmacaoCarrinho();\n_carrinho.default.textoLanterna();\n_carrinho.default.botaoCheckout();",
              "err": {},
              "uuid": "12d9aaf4-da7d-4087-be96-2e2a20e1c8f1",
              "parentUUID": "30e4ab0b-40d3-4620-ac4c-b88e9f8c3d7d",
              "isHook": false,
              "skipped": false
            },
            {
              "title": "Validar preenchimento dos campos do checkout",
              "fullTitle": "template spec Validar preenchimento dos campos do checkout",
              "timedOut": null,
              "duration": 1854,
              "state": "passed",
              "speed": "fast",
              "pass": true,
              "fail": false,
              "pending": false,
              "context": null,
              "code": "_login.default.preencherLoginSucesso();\n_login.default.botaoConfirmar();\n_inventario.default.adicionarLanternaCarrinho();\n_carrinho.default.botaoCarrinho();\n_carrinho.default.botaoCheckout();\n_saida.default.preencherCheckout();",
              "err": {},
              "uuid": "312ede38-d8e0-42ad-8890-734e1bdb15e6",
              "parentUUID": "30e4ab0b-40d3-4620-ac4c-b88e9f8c3d7d",
              "isHook": false,
              "skipped": false
            },
            {
              "title": "Validar a finalização do pedido com informações válidas",
              "fullTitle": "template spec Validar a finalização do pedido com informações válidas",
              "timedOut": null,
              "duration": 2144,
              "state": "passed",
              "speed": "fast",
              "pass": true,
              "fail": false,
              "pending": false,
              "context": null,
              "code": "_login.default.preencherLoginSucesso();\n_login.default.botaoConfirmar();\n_inventario.default.adicionarLanternaCarrinho();\n_carrinho.default.botaoCarrinho();\n_carrinho.default.botaoCheckout();\n_saida.default.preencherCheckout();\n_saida.default.botaoContinue();\n_saida.default.mensagemPayment();\n_saida.default.mensagemShipping();\n_saida.default.botaoFinalizar();\n_saida.default.mensagemFinal();\n_saida.default.botaoBackHome();",
              "err": {},
              "uuid": "67f3d457-28ae-42b1-af76-3dc3307491ba",
              "parentUUID": "30e4ab0b-40d3-4620-ac4c-b88e9f8c3d7d",
              "isHook": false,
              "skipped": false
            },
            {
              "title": "Validar erro ao tentar finalizar o pedido com informações inválidas",
              "fullTitle": "template spec Validar erro ao tentar finalizar o pedido com informações inválidas",
              "timedOut": null,
              "duration": 2246,
              "state": "passed",
              "speed": "fast",
              "pass": true,
              "fail": false,
              "pending": false,
              "context": null,
              "code": "_login.default.preencherLoginSucesso();\n_login.default.botaoConfirmar();\n_inventario.default.adicionarLanternaCarrinho();\n_carrinho.default.botaoCarrinho();\n_carrinho.default.botaoCheckout();\n_saida.default.botaoContinue();\n_saida.default.mensagemErroFirstName();\n_saida.default.preencherPrimeiroNome();\n_saida.default.botaoContinue();\n_saida.default.mensagemErroLastName();\n_saida.default.preencherUltimoNome();\n_saida.default.botaoContinue();\n_saida.default.mensagemErroPostalCode();\n_saida.default.preencherPostalCode();\n_saida.default.botaoContinue();",
              "err": {},
              "uuid": "82ceab78-c884-4dd4-a706-21d069972ffe",
              "parentUUID": "30e4ab0b-40d3-4620-ac4c-b88e9f8c3d7d",
              "isHook": false,
              "skipped": false
            },
            {
              "title": "Validar que os produtos estão sendo ordenados por preço",
              "fullTitle": "template spec Validar que os produtos estão sendo ordenados por preço",
              "timedOut": null,
              "duration": 968,
              "state": "passed",
              "speed": "fast",
              "pass": true,
              "fail": false,
              "pending": false,
              "context": null,
              "code": "_login.default.preencherLoginSucesso();\n_login.default.botaoConfirmar();\n_inventario.default.selecionarOrdenacao('lohi');\n_inventario.default.validarOrdenacaoCrescente();",
              "err": {},
              "uuid": "07979d3c-98e4-4992-93e4-99b22697b204",
              "parentUUID": "30e4ab0b-40d3-4620-ac4c-b88e9f8c3d7d",
              "isHook": false,
              "skipped": false
            }
          ],
          "suites": [],
          "passes": [
            "798a1d8f-39f8-46ed-8990-7b58933da6fd",
            "c2b3afc3-0a2f-4863-9ce7-e0881b1dbf3b",
            "42d2ceb2-dce6-4cb5-b3d7-315e35567667",
            "42d30529-0a7d-4acf-885b-9d575c4b3d1e",
            "c08c7353-42d2-4592-a25a-2a81be5848d5",
            "12d9aaf4-da7d-4087-be96-2e2a20e1c8f1",
            "312ede38-d8e0-42ad-8890-734e1bdb15e6",
            "67f3d457-28ae-42b1-af76-3dc3307491ba",
            "82ceab78-c884-4dd4-a706-21d069972ffe",
            "07979d3c-98e4-4992-93e4-99b22697b204"
          ],
          "failures": [],
          "pending": [],
          "skipped": [],
          "duration": 17976,
          "root": false,
          "rootEmpty": false,
          "_timeout": 2000
        }
      ],
      "passes": [],
      "failures": [],
      "pending": [],
      "skipped": [],
      "duration": 0,
      "root": true,
      "rootEmpty": true,
      "_timeout": 2000
    }
  ],
  "meta": {
    "mocha": {
      "version": "7.0.1"
    },
    "mochawesome": {
      "options": {
        "quiet": false,
        "reportFilename": "mochawesome",
        "saveHtml": true,
        "saveJson": true,
        "consoleReporter": "spec",
        "useInlineDiffs": false,
        "code": true
      },
      "version": "7.1.3"
    },
    "marge": {
      "options": {
        "reportDir": "cypress/reports",
        "overwrite": false,
        "html": true,
        "json": true
      },
      "version": "6.2.0"
    }
  }
}