{
  "stats": {
    "suites": 1,
    "tests": 5,
    "passes": 4,
    "pending": 0,
    "failures": 1,
    "start": "2025-01-28T20:57:37.102Z",
    "end": "2025-01-28T20:57:46.507Z",
    "duration": 9405,
    "testsRegistered": 5,
    "passPercent": 80,
    "pendingPercent": 0,
    "other": 0,
    "hasOther": false,
    "skipped": 0,
    "hasSkipped": false
  },
  "results": [
    {
      "uuid": "29997825-acfa-4155-8202-c2d474a78635",
      "title": "",
      "fullFile": "cypress\\e2e\\Integration\\Teste-Navegacao.cy.js",
      "file": "cypress\\e2e\\Integration\\Teste-Navegacao.cy.js",
      "beforeHooks": [],
      "afterHooks": [],
      "tests": [],
      "suites": [
        {
          "uuid": "62d412e8-d072-45ca-ade3-a87506ef3b60",
          "title": "template spec",
          "fullFile": "",
          "file": "",
          "beforeHooks": [],
          "afterHooks": [],
          "tests": [
            {
              "title": "Validar que o usuario foi redirecionamento para página de inventário",
              "fullTitle": "template spec Validar que o usuario foi redirecionamento para página de inventário",
              "timedOut": null,
              "duration": 2293,
              "state": "passed",
              "speed": "fast",
              "pass": true,
              "fail": false,
              "pending": false,
              "context": null,
              "code": "_login.default.preencherLoginSucesso();\n_login.default.botaoConfirmar();\n_inventario.default.mensagemConfirmacaoInventario();\n_inventario.default.adicionarMochilaCarrinho();",
              "err": {},
              "uuid": "142e5603-db56-48e0-814e-7f0382feb0fd",
              "parentUUID": "62d412e8-d072-45ca-ade3-a87506ef3b60",
              "isHook": false,
              "skipped": false
            },
            {
              "title": "Validar detalhes do produto Mochila",
              "fullTitle": "template spec Validar detalhes do produto Mochila",
              "timedOut": null,
              "duration": 1222,
              "state": "passed",
              "speed": "fast",
              "pass": true,
              "fail": false,
              "pending": false,
              "context": null,
              "code": "_login.default.preencherLoginSucesso();\n_login.default.botaoConfirmar();\n_inventario.default.mensagemConfirmacaoInventario();\n_inventario.default.descricaoProdutoMochila();\n_inventario.default.textoDescricaoMochila();",
              "err": {},
              "uuid": "caaab000-e285-4283-8ef5-23fcedc5aad2",
              "parentUUID": "62d412e8-d072-45ca-ade3-a87506ef3b60",
              "isHook": false,
              "skipped": false
            },
            {
              "title": "Validar que o produto Mochila está adiconado ao carrinho",
              "fullTitle": "template spec Validar que o produto Mochila está adiconado ao carrinho",
              "timedOut": null,
              "duration": 1153,
              "state": "passed",
              "speed": "fast",
              "pass": true,
              "fail": false,
              "pending": false,
              "context": null,
              "code": "_login.default.preencherLoginSucesso();\n_login.default.botaoConfirmar();\n_inventario.default.mensagemConfirmacaoInventario();\n_inventario.default.adicionarMochilaCarrinho();\n_carrinho.default.botaoCarrinho();\n_carrinho.default.tituloConfirmacaoCarrinho();",
              "err": {},
              "uuid": "eda53a8e-7ac4-4104-97b0-bbbeeffdacb1",
              "parentUUID": "62d412e8-d072-45ca-ade3-a87506ef3b60",
              "isHook": false,
              "skipped": false
            },
            {
              "title": "Validar remoção do produto Jaqueta do carrinho",
              "fullTitle": "template spec Validar remoção do produto Jaqueta do carrinho",
              "timedOut": null,
              "duration": 1216,
              "state": "passed",
              "speed": "fast",
              "pass": true,
              "fail": false,
              "pending": false,
              "context": null,
              "code": "_login.default.preencherLoginSucesso();\n_login.default.botaoConfirmar();\n_inventario.default.mensagemConfirmacaoInventario();\n_inventario.default.adicionarJaquetaCarrinho();\n_carrinho.default.botaoCarrinho();\n_carrinho.default.tituloConfirmacaoCarrinho();\n_carrinho.default.botaoRemoverJaqueta();",
              "err": {},
              "uuid": "308bd6b6-74cc-47dc-beca-0fdfa389b14d",
              "parentUUID": "62d412e8-d072-45ca-ade3-a87506ef3b60",
              "isHook": false,
              "skipped": false
            },
            {
              "title": "Validar itens listados no carrinho de compras",
              "fullTitle": "template spec Validar itens listados no carrinho de compras",
              "timedOut": null,
              "duration": 1484,
              "state": "failed",
              "speed": null,
              "pass": false,
              "fail": true,
              "pending": false,
              "context": null,
              "code": "_login.default.preencherLoginSucesso();\n_login.default.botaoConfirmar();\n_inventario.default.mensagemConfirmacaoInventario();\n_inventario.default.adicionarbabyBodyCarrinho();\n_inventario.default.adicionarLanternaCarrinho();\n_inventario.default.adicionarCasacoCarrinho();\n_carrinho.default.botaoCarrinho();\n_carrinho.default.tituloConfirmacaoCarrinho();\n_carrinho.default.textoBabyBody();\n_carrinho.default.textoLanterna();\n_carrinho.default.textoCasaco();",
              "err": {
                "message": "Error: Syntax error, unrecognized expression: #add-to-cart-test.allthethings()-t-shirt-(red)",
                "estack": "Error: Syntax error, unrecognized expression: #add-to-cart-test.allthethings()-t-shirt-(red)\n    at find.error (https://www.saucedemo.com/__cypress/runner/cypress_runner.js:8298:8)\n    at tokenize (https://www.saucedemo.com/__cypress/runner/cypress_runner.js:8964:8)\n    at select (https://www.saucedemo.com/__cypress/runner/cypress_runner.js:9423:20)\n    at Function.find (https://www.saucedemo.com/__cypress/runner/cypress_runner.js:7734:9)\n    at jQuery.fn.init.find (https://www.saucedemo.com/__cypress/runner/cypress_runner.js:9633:11)\n    at new jQuery.fn.init (https://www.saucedemo.com/__cypress/runner/cypress_runner.js:9748:40)\n    at Object.query (https://www.saucedemo.com/__cypress/runner/cypress_runner.js:17940:10)\n    at $Cy.$$ (https://www.saucedemo.com/__cypress/runner/cypress_runner.js:139155:57)\n    at <unknown> (https://www.saucedemo.com/__cypress/runner/cypress_runner.js:131087:18)\n    at Object.subjectFn (https://www.saucedemo.com/__cypress/runner/cypress_runner.js:142971:16)\n    at $Cy.verifyUpcomingAssertions (https://www.saucedemo.com/__cypress/runner/cypress_runner.js:142310:31)\n    at onRetry (https://www.saucedemo.com/__cypress/runner/cypress_runner.js:142962:15)\n    at retryQuery (https://www.saucedemo.com/__cypress/runner/cypress_runner.js:142975:10)\n    at <unknown> (https://www.saucedemo.com/__cypress/runner/cypress_runner.js:143128:17)\n    at tryCatcher (https://www.saucedemo.com/__cypress/runner/cypress_runner.js:1777:23)\n    at Promise._settlePromiseFromHandler (https://www.saucedemo.com/__cypress/runner/cypress_runner.js:1489:31)\n    at Promise._settlePromise (https://www.saucedemo.com/__cypress/runner/cypress_runner.js:1546:18)\n    at Promise._settlePromiseCtx (https://www.saucedemo.com/__cypress/runner/cypress_runner.js:1583:10)\n    at _drainQueueStep (https://www.saucedemo.com/__cypress/runner/cypress_runner.js:2381:12)\n    at _drainQueue (https://www.saucedemo.com/__cypress/runner/cypress_runner.js:2370:9)\n    at Async._drainQueues (https://www.saucedemo.com/__cypress/runner/cypress_runner.js:2386:5)\n    at Async.drainQueues (https://www.saucedemo.com/__cypress/runner/cypress_runner.js:2256:14)",
                "diff": null
              },
              "uuid": "50c1224a-378f-4fad-b9dc-085fd2fee906",
              "parentUUID": "62d412e8-d072-45ca-ade3-a87506ef3b60",
              "isHook": false,
              "skipped": false
            }
          ],
          "suites": [],
          "passes": [
            "142e5603-db56-48e0-814e-7f0382feb0fd",
            "caaab000-e285-4283-8ef5-23fcedc5aad2",
            "eda53a8e-7ac4-4104-97b0-bbbeeffdacb1",
            "308bd6b6-74cc-47dc-beca-0fdfa389b14d"
          ],
          "failures": [
            "50c1224a-378f-4fad-b9dc-085fd2fee906"
          ],
          "pending": [],
          "skipped": [],
          "duration": 7368,
          "root": false,
          "rootEmpty": false,
          "_timeout": 2000
        }
      ],
      "passes": [],
      "failures": [],
      "pending": [],
      "skipped": [],
      "duration": 0,
      "root": true,
      "rootEmpty": true,
      "_timeout": 2000
    }
  ],
  "meta": {
    "mocha": {
      "version": "7.0.1"
    },
    "mochawesome": {
      "options": {
        "quiet": false,
        "reportFilename": "mochawesome",
        "saveHtml": true,
        "saveJson": true,
        "consoleReporter": "spec",
        "useInlineDiffs": false,
        "code": true
      },
      "version": "7.1.3"
    },
    "marge": {
      "options": {
        "reportDir": "cypress/reports",
        "overwrite": false,
        "html": true,
        "json": true
      },
      "version": "6.2.0"
    }
  }
}