{
  "stats": {
    "suites": 1,
    "tests": 9,
    "passes": 9,
    "pending": 0,
    "failures": 0,
    "start": "2025-01-29T19:03:17.143Z",
    "end": "2025-01-29T19:03:34.267Z",
    "duration": 17124,
    "testsRegistered": 9,
    "passPercent": 100,
    "pendingPercent": 0,
    "other": 0,
    "hasOther": false,
    "skipped": 0,
    "hasSkipped": false
  },
  "results": [
    {
      "uuid": "23025432-d962-4363-922d-693b7bc99e4d",
      "title": "",
      "fullFile": "cypress\\e2e\\Integration\\Teste-Navegacao.cy.js",
      "file": "cypress\\e2e\\Integration\\Teste-Navegacao.cy.js",
      "beforeHooks": [],
      "afterHooks": [],
      "tests": [],
      "suites": [
        {
          "uuid": "dbdeb95d-e1ad-44ba-8cdf-4357ee9410a7",
          "title": "template spec",
          "fullFile": "",
          "file": "",
          "beforeHooks": [],
          "afterHooks": [],
          "tests": [
            {
              "title": "Validar que o usuario foi redirecionamento para página de inventário",
              "fullTitle": "template spec Validar que o usuario foi redirecionamento para página de inventário",
              "timedOut": null,
              "duration": 1624,
              "state": "passed",
              "speed": "fast",
              "pass": true,
              "fail": false,
              "pending": false,
              "context": null,
              "code": "_login.default.preencherLoginSucesso();\n_login.default.botaoConfirmar();\n_inventario.default.mensagemConfirmacaoInventario();\n_inventario.default.adicionarMochilaCarrinho();",
              "err": {},
              "uuid": "0c7b51a2-9b35-4925-8763-ca31a6a59a97",
              "parentUUID": "dbdeb95d-e1ad-44ba-8cdf-4357ee9410a7",
              "isHook": false,
              "skipped": false
            },
            {
              "title": "Validar detalhes do produto Mochila",
              "fullTitle": "template spec Validar detalhes do produto Mochila",
              "timedOut": null,
              "duration": 1886,
              "state": "passed",
              "speed": "fast",
              "pass": true,
              "fail": false,
              "pending": false,
              "context": null,
              "code": "_login.default.preencherLoginSucesso();\n_login.default.botaoConfirmar();\n_inventario.default.mensagemConfirmacaoInventario();\n_inventario.default.descricaoProdutoMochila();\n_inventario.default.textoDescricaoMochila();",
              "err": {},
              "uuid": "12671210-ad72-4aa1-9fd8-4c4c3bc3c6c2",
              "parentUUID": "dbdeb95d-e1ad-44ba-8cdf-4357ee9410a7",
              "isHook": false,
              "skipped": false
            },
            {
              "title": "Validar que o produto Mochila está adiconado ao carrinho",
              "fullTitle": "template spec Validar que o produto Mochila está adiconado ao carrinho",
              "timedOut": null,
              "duration": 1166,
              "state": "passed",
              "speed": "fast",
              "pass": true,
              "fail": false,
              "pending": false,
              "context": null,
              "code": "_login.default.preencherLoginSucesso();\n_login.default.botaoConfirmar();\n_inventario.default.mensagemConfirmacaoInventario();\n_inventario.default.adicionarMochilaCarrinho();\n_carrinho.default.botaoCarrinho();\n_carrinho.default.tituloConfirmacaoCarrinho();",
              "err": {},
              "uuid": "00a9e94a-9e39-4441-bb12-cbc3b95420af",
              "parentUUID": "dbdeb95d-e1ad-44ba-8cdf-4357ee9410a7",
              "isHook": false,
              "skipped": false
            },
            {
              "title": "Validar remoção do produto Jaqueta do carrinho",
              "fullTitle": "template spec Validar remoção do produto Jaqueta do carrinho",
              "timedOut": null,
              "duration": 1232,
              "state": "passed",
              "speed": "fast",
              "pass": true,
              "fail": false,
              "pending": false,
              "context": null,
              "code": "_login.default.preencherLoginSucesso();\n_login.default.botaoConfirmar();\n_inventario.default.mensagemConfirmacaoInventario();\n_inventario.default.adicionarJaquetaCarrinho();\n_carrinho.default.botaoCarrinho();\n_carrinho.default.tituloConfirmacaoCarrinho();\n_carrinho.default.botaoRemoverJaqueta();",
              "err": {},
              "uuid": "70f251dc-ab18-4529-8371-4db00cb48c94",
              "parentUUID": "dbdeb95d-e1ad-44ba-8cdf-4357ee9410a7",
              "isHook": false,
              "skipped": false
            },
            {
              "title": "Validar itens listados no carrinho de compras",
              "fullTitle": "template spec Validar itens listados no carrinho de compras",
              "timedOut": null,
              "duration": 1236,
              "state": "passed",
              "speed": "fast",
              "pass": true,
              "fail": false,
              "pending": false,
              "context": null,
              "code": "_login.default.preencherLoginSucesso();\n_login.default.botaoConfirmar();\n_inventario.default.mensagemConfirmacaoInventario();\n_inventario.default.adicionarbabyBodyCarrinho();\n_inventario.default.adicionarLanternaCarrinho();\n// inventario.adicionarCasacoCarrinho();\n_carrinho.default.botaoCarrinho();\n_carrinho.default.tituloConfirmacaoCarrinho();\n_carrinho.default.textoBabyBody();\n_carrinho.default.textoLanterna();\n// carrinho.textoCasaco();",
              "err": {},
              "uuid": "df3e02ed-4995-42d1-af60-72f7eeb885a7",
              "parentUUID": "dbdeb95d-e1ad-44ba-8cdf-4357ee9410a7",
              "isHook": false,
              "skipped": false
            },
            {
              "title": "Validar processo inicial de checkout",
              "fullTitle": "template spec Validar processo inicial de checkout",
              "timedOut": null,
              "duration": 1239,
              "state": "passed",
              "speed": "fast",
              "pass": true,
              "fail": false,
              "pending": false,
              "context": null,
              "code": "_login.default.preencherLoginSucesso();\n_login.default.botaoConfirmar();\n_inventario.default.mensagemConfirmacaoInventario();\n_inventario.default.adicionarLanternaCarrinho();\n_carrinho.default.botaoCarrinho();\n_carrinho.default.tituloConfirmacaoCarrinho();\n_carrinho.default.textoLanterna();\n_carrinho.default.botaoCheckout();",
              "err": {},
              "uuid": "725c3bde-1cfb-4e70-bbf1-c6dbd40bc72b",
              "parentUUID": "dbdeb95d-e1ad-44ba-8cdf-4357ee9410a7",
              "isHook": false,
              "skipped": false
            },
            {
              "title": "Validar preenchimento dos campos do checkout",
              "fullTitle": "template spec Validar preenchimento dos campos do checkout",
              "timedOut": null,
              "duration": 1996,
              "state": "passed",
              "speed": "fast",
              "pass": true,
              "fail": false,
              "pending": false,
              "context": null,
              "code": "_login.default.preencherLoginSucesso();\n_login.default.botaoConfirmar();\n_inventario.default.adicionarLanternaCarrinho();\n_carrinho.default.botaoCarrinho();\n_carrinho.default.botaoCheckout();\n_saida.default.preencherCheckout();",
              "err": {},
              "uuid": "b3e9eed9-492a-4280-abbc-bad576e43215",
              "parentUUID": "dbdeb95d-e1ad-44ba-8cdf-4357ee9410a7",
              "isHook": false,
              "skipped": false
            },
            {
              "title": "Validar a finalização do pedido com informações válidas",
              "fullTitle": "template spec Validar a finalização do pedido com informações válidas",
              "timedOut": null,
              "duration": 2319,
              "state": "passed",
              "speed": "fast",
              "pass": true,
              "fail": false,
              "pending": false,
              "context": null,
              "code": "_login.default.preencherLoginSucesso();\n_login.default.botaoConfirmar();\n_inventario.default.adicionarLanternaCarrinho();\n_carrinho.default.botaoCarrinho();\n_carrinho.default.botaoCheckout();\n_saida.default.preencherCheckout();\n_saida.default.botaoContinue();\n_saida.default.mensagemPayment();\n_saida.default.mensagemShipping();\n_saida.default.botaoFinalizar();\n_saida.default.mensagemFinal();\n_saida.default.botaoBackHome();",
              "err": {},
              "uuid": "f513a69e-2646-47bd-a1d4-a6e51bfec06f",
              "parentUUID": "dbdeb95d-e1ad-44ba-8cdf-4357ee9410a7",
              "isHook": false,
              "skipped": false
            },
            {
              "title": "Validar erro ao tentar finalizar o pedido com informações inválidas",
              "fullTitle": "template spec Validar erro ao tentar finalizar o pedido com informações inválidas",
              "timedOut": null,
              "duration": 2369,
              "state": "passed",
              "speed": "fast",
              "pass": true,
              "fail": false,
              "pending": false,
              "context": null,
              "code": "_login.default.preencherLoginSucesso();\n_login.default.botaoConfirmar();\n_inventario.default.adicionarLanternaCarrinho();\n_carrinho.default.botaoCarrinho();\n_carrinho.default.botaoCheckout();\n_saida.default.botaoContinue();\n_saida.default.mensagemErroFirstName();\n_saida.default.preencherPrimeiroNome();\n_saida.default.botaoContinue();\n_saida.default.mensagemErroLastName();\n_saida.default.preencherUltimoNome();\n_saida.default.botaoContinue();\n_saida.default.mensagemErroPostalCode();\n_saida.default.preencherPostalCode();\n_saida.default.botaoContinue();",
              "err": {},
              "uuid": "2510d164-eb2e-43f4-b24a-e812db24cbe9",
              "parentUUID": "dbdeb95d-e1ad-44ba-8cdf-4357ee9410a7",
              "isHook": false,
              "skipped": false
            }
          ],
          "suites": [],
          "passes": [
            "0c7b51a2-9b35-4925-8763-ca31a6a59a97",
            "12671210-ad72-4aa1-9fd8-4c4c3bc3c6c2",
            "00a9e94a-9e39-4441-bb12-cbc3b95420af",
            "70f251dc-ab18-4529-8371-4db00cb48c94",
            "df3e02ed-4995-42d1-af60-72f7eeb885a7",
            "725c3bde-1cfb-4e70-bbf1-c6dbd40bc72b",
            "b3e9eed9-492a-4280-abbc-bad576e43215",
            "f513a69e-2646-47bd-a1d4-a6e51bfec06f",
            "2510d164-eb2e-43f4-b24a-e812db24cbe9"
          ],
          "failures": [],
          "pending": [],
          "skipped": [],
          "duration": 15067,
          "root": false,
          "rootEmpty": false,
          "_timeout": 2000
        }
      ],
      "passes": [],
      "failures": [],
      "pending": [],
      "skipped": [],
      "duration": 0,
      "root": true,
      "rootEmpty": true,
      "_timeout": 2000
    }
  ],
  "meta": {
    "mocha": {
      "version": "7.0.1"
    },
    "mochawesome": {
      "options": {
        "quiet": false,
        "reportFilename": "mochawesome",
        "saveHtml": true,
        "saveJson": true,
        "consoleReporter": "spec",
        "useInlineDiffs": false,
        "code": true
      },
      "version": "7.1.3"
    },
    "marge": {
      "options": {
        "reportDir": "cypress/reports",
        "overwrite": false,
        "html": true,
        "json": true
      },
      "version": "6.2.0"
    }
  }
}