{
  "stats": {
    "suites": 0,
    "tests": 1,
    "passes": 0,
    "pending": 0,
    "failures": 1,
    "start": "2025-01-22T20:18:06.273Z",
    "end": "2025-01-22T20:18:06.576Z",
    "duration": 303,
    "testsRegistered": 1,
    "passPercent": 0,
    "pendingPercent": 0,
    "other": 0,
    "hasOther": false,
    "skipped": 0,
    "hasSkipped": false
  },
  "results": [
    {
      "uuid": "d291f980-0e37-4297-b846-7a35c718aa06",
      "title": "",
      "fullFile": "cypress\\e2e\\Integration\\Teste-Login.cy.js",
      "file": "cypress\\e2e\\Integration\\Teste-Login.cy.js",
      "beforeHooks": [],
      "afterHooks": [],
      "tests": [
        {
          "title": "An uncaught error was detected outside of a test",
          "fullTitle": "An uncaught error was detected outside of a test",
          "timedOut": null,
          "duration": 277,
          "state": "failed",
          "speed": null,
          "pass": false,
          "fail": true,
          "pending": false,
          "context": null,
          "code": "throw err;",
          "err": {
            "message": "TypeError: The following error originated from your test code, not from Cypress.\n\n  > Class extends value #<BasePage> is not a constructor or null\n\nWhen Cypress detects uncaught errors originating from your test code it will automatically fail the current test.\n\nCypress could not associate this error to any specific test.\n\nWe dynamically generated a new test to display this failure.",
            "estack": "TypeError: The following error originated from your test code, not from Cypress.\n\n  > Class extends value #<BasePage> is not a constructor or null\n\nWhen Cypress detects uncaught errors originating from your test code it will automatically fail the current test.\n\nCypress could not associate this error to any specific test.\n\nWe dynamically generated a new test to display this failure.\n    at ./cypress/e2e/pages/login.js (webpack://swaglabs_e2e_cypress/./cypress/e2e/pages/login.js:4:20)\n    at __webpack_require__ (webpack://swaglabs_e2e_cypress/webpack/bootstrap:19:0)\n    at eval (webpack://swaglabs_e2e_cypress/./cypress/e2e/Integration/Teste-Login.cy.js:1:0)\n    at eval (http://localhost:58977/__cypress/tests?p=cypress\\e2e\\Integration\\Teste-Login.cy.js:263:3)\n    at eval (http://localhost:58977/__cypress/tests?p=cypress\\e2e\\Integration\\Teste-Login.cy.js:265:12)\n    at eval (<anonymous>)\n    at <unknown> (http://localhost:58977/__cypress/runner/cypress_runner.js:110813:23)\n    at tryCatcher (http://localhost:58977/__cypress/runner/cypress_runner.js:1777:23)\n    at Object.gotValue (http://localhost:58977/__cypress/runner/cypress_runner.js:6446:18)\n    at Object.gotAccum (http://localhost:58977/__cypress/runner/cypress_runner.js:6435:25)",
            "diff": null
          },
          "uuid": "d24fe8a6-07eb-479d-b888-e46c43982538",
          "parentUUID": "d291f980-0e37-4297-b846-7a35c718aa06",
          "isHook": false,
          "skipped": false
        }
      ],
      "suites": [],
      "passes": [],
      "failures": [
        "d24fe8a6-07eb-479d-b888-e46c43982538"
      ],
      "pending": [],
      "skipped": [],
      "duration": 277,
      "root": true,
      "rootEmpty": false,
      "_timeout": 2000
    }
  ],
  "meta": {
    "mocha": {
      "version": "7.0.1"
    },
    "mochawesome": {
      "options": {
        "quiet": false,
        "reportFilename": "mochawesome",
        "saveHtml": true,
        "saveJson": true,
        "consoleReporter": "spec",
        "useInlineDiffs": false,
        "code": true
      },
      "version": "7.1.3"
    },
    "marge": {
      "options": {
        "reportDir": "cypress/reports",
        "overwrite": false,
        "html": true,
        "json": true
      },
      "version": "6.2.0"
    }
  }
}