{
  "stats": {
    "suites": 1,
    "tests": 1,
    "passes": 0,
    "pending": 0,
    "failures": 1,
    "start": "2025-01-22T19:39:05.880Z",
    "end": "2025-01-22T19:39:13.687Z",
    "duration": 7807,
    "testsRegistered": 1,
    "passPercent": 0,
    "pendingPercent": 0,
    "other": 0,
    "hasOther": false,
    "skipped": 0,
    "hasSkipped": false
  },
  "results": [
    {
      "uuid": "8290af5c-0ac0-438a-9311-782583e749cb",
      "title": "",
      "fullFile": "cypress\\e2e\\Integration\\Teste-Login.cy.js",
      "file": "cypress\\e2e\\Integration\\Teste-Login.cy.js",
      "beforeHooks": [],
      "afterHooks": [],
      "tests": [],
      "suites": [
        {
          "uuid": "5e2d12a1-0341-470d-81c2-c0acae5e363f",
          "title": "template spec",
          "fullFile": "",
          "file": "",
          "beforeHooks": [],
          "afterHooks": [],
          "tests": [
            {
              "title": "Login com credenciais válidas",
              "fullTitle": "template spec Login com credenciais válidas",
              "timedOut": null,
              "duration": 5670,
              "state": "failed",
              "speed": null,
              "pass": false,
              "fail": true,
              "pending": false,
              "context": null,
              "code": "_login.default.preencherLoginSucesso();\n_login.default.botaoConfirmar();\n_login.default.mensagemConfirmacao();",
              "err": {
                "message": "AssertionError: Timed out retrying after 4000ms: Expected to find element: `#username`, but never found it.",
                "estack": "AssertionError: Timed out retrying after 4000ms: Expected to find element: `#username`, but never found it.\n    at Login.preencherLoginSucesso (webpack://swaglabs_e2e_cypress/./cypress/e2e/pages/login/index.js:11:11)\n    at Context.eval (webpack://swaglabs_e2e_cypress/./cypress/e2e/Integration/Teste-Login.cy.js:11:10)",
                "diff": null
              },
              "uuid": "d3ba5ebe-cf69-45b9-b4de-53a93c8dcd03",
              "parentUUID": "5e2d12a1-0341-470d-81c2-c0acae5e363f",
              "isHook": false,
              "skipped": false
            }
          ],
          "suites": [],
          "passes": [],
          "failures": [
            "d3ba5ebe-cf69-45b9-b4de-53a93c8dcd03"
          ],
          "pending": [],
          "skipped": [],
          "duration": 5670,
          "root": false,
          "rootEmpty": false,
          "_timeout": 2000
        }
      ],
      "passes": [],
      "failures": [],
      "pending": [],
      "skipped": [],
      "duration": 0,
      "root": true,
      "rootEmpty": true,
      "_timeout": 2000
    }
  ],
  "meta": {
    "mocha": {
      "version": "7.0.1"
    },
    "mochawesome": {
      "options": {
        "quiet": false,
        "reportFilename": "mochawesome",
        "saveHtml": true,
        "saveJson": true,
        "consoleReporter": "spec",
        "useInlineDiffs": false,
        "code": true
      },
      "version": "7.1.3"
    },
    "marge": {
      "options": {
        "reportDir": "cypress/reports",
        "overwrite": false,
        "html": true,
        "json": true
      },
      "version": "6.2.0"
    }
  }
}