{
  "stats": {
    "suites": 1,
    "tests": 3,
    "passes": 2,
    "pending": 0,
    "failures": 1,
    "start": "2025-01-22T20:22:03.030Z",
    "end": "2025-01-22T20:22:13.410Z",
    "duration": 10380,
    "testsRegistered": 3,
    "passPercent": 66.66666666666666,
    "pendingPercent": 0,
    "other": 0,
    "hasOther": false,
    "skipped": 0,
    "hasSkipped": false
  },
  "results": [
    {
      "uuid": "efe2ba6c-d3db-45c8-9565-c9a41ab8fde7",
      "title": "",
      "fullFile": "cypress\\e2e\\Integration\\Teste-Login.cy.js",
      "file": "cypress\\e2e\\Integration\\Teste-Login.cy.js",
      "beforeHooks": [],
      "afterHooks": [],
      "tests": [],
      "suites": [
        {
          "uuid": "d68d9db5-b254-4e52-89d8-2265899e267d",
          "title": "template spec",
          "fullFile": "",
          "file": "",
          "beforeHooks": [],
          "afterHooks": [],
          "tests": [
            {
              "title": "Validar login com credenciais válidas",
              "fullTitle": "template spec Validar login com credenciais válidas",
              "timedOut": null,
              "duration": 2571,
              "state": "passed",
              "speed": "fast",
              "pass": true,
              "fail": false,
              "pending": false,
              "context": null,
              "code": "_login.default.preencherLoginSucesso();\n_login.default.botaoConfirmar();\n_login.default.mensagemConfirmacao();",
              "err": {},
              "uuid": "eb2502f5-548a-4fae-8cde-db95386f9ae2",
              "parentUUID": "d68d9db5-b254-4e52-89d8-2265899e267d",
              "isHook": false,
              "skipped": false
            },
            {
              "title": "Validar login com usuário bloqueado",
              "fullTitle": "template spec Validar login com usuário bloqueado",
              "timedOut": null,
              "duration": 1034,
              "state": "passed",
              "speed": "fast",
              "pass": true,
              "fail": false,
              "pending": false,
              "context": null,
              "code": "_login.default.preencherLoginBloqueado();\n_login.default.botaoConfirmar();\n_login.default.mensagemUsuarioBloqueado();",
              "err": {},
              "uuid": "160ec132-a155-478d-bba5-2dd88e685af5",
              "parentUUID": "d68d9db5-b254-4e52-89d8-2265899e267d",
              "isHook": false,
              "skipped": false
            },
            {
              "title": "Validar login com credenciais inválidas",
              "fullTitle": "template spec Validar login com credenciais inválidas",
              "timedOut": null,
              "duration": 5032,
              "state": "failed",
              "speed": null,
              "pass": false,
              "fail": true,
              "pending": false,
              "context": null,
              "code": "_login.default.preencherLoginInvalido();\n_login.default.botaoConfirmar();\n_login.default.mensagemUsuarioBloqueado();",
              "err": {
                "message": "AssertionError: Timed out retrying after 4000ms: Expected to find content: 'Epic sadface: Sorry, this user has been locked out.' but never did.",
                "estack": "AssertionError: Timed out retrying after 4000ms: Expected to find content: 'Epic sadface: Sorry, this user has been locked out.' but never did.\n    at Login.mensagemUsuarioBloqueado (webpack://swaglabs_e2e_cypress/./cypress/e2e/pages/login.js:37:75)\n    at Context.eval (webpack://swaglabs_e2e_cypress/./cypress/e2e/Integration/Teste-Login.cy.js:29:10)",
                "diff": null
              },
              "uuid": "0c65f264-e93b-4a81-abfb-6cdba39832ff",
              "parentUUID": "d68d9db5-b254-4e52-89d8-2265899e267d",
              "isHook": false,
              "skipped": false
            }
          ],
          "suites": [],
          "passes": [
            "eb2502f5-548a-4fae-8cde-db95386f9ae2",
            "160ec132-a155-478d-bba5-2dd88e685af5"
          ],
          "failures": [
            "0c65f264-e93b-4a81-abfb-6cdba39832ff"
          ],
          "pending": [],
          "skipped": [],
          "duration": 8637,
          "root": false,
          "rootEmpty": false,
          "_timeout": 2000
        }
      ],
      "passes": [],
      "failures": [],
      "pending": [],
      "skipped": [],
      "duration": 0,
      "root": true,
      "rootEmpty": true,
      "_timeout": 2000
    }
  ],
  "meta": {
    "mocha": {
      "version": "7.0.1"
    },
    "mochawesome": {
      "options": {
        "quiet": false,
        "reportFilename": "mochawesome",
        "saveHtml": true,
        "saveJson": true,
        "consoleReporter": "spec",
        "useInlineDiffs": false,
        "code": true
      },
      "version": "7.1.3"
    },
    "marge": {
      "options": {
        "reportDir": "cypress/reports",
        "overwrite": false,
        "html": true,
        "json": true
      },
      "version": "6.2.0"
    }
  }
}