{
  "stats": {
    "suites": 1,
    "tests": 5,
    "passes": 4,
    "pending": 0,
    "failures": 1,
    "start": "2025-01-31T15:14:18.032Z",
    "end": "2025-01-31T15:14:35.157Z",
    "duration": 17125,
    "testsRegistered": 5,
    "passPercent": 80,
    "pendingPercent": 0,
    "other": 0,
    "hasOther": false,
    "skipped": 0,
    "hasSkipped": false
  },
  "results": [
    {
      "uuid": "6e3a2b06-2001-4d60-b86c-74a37e705736",
      "title": "",
      "fullFile": "cypress\\e2e\\Integration\\Teste-Login.cy.js",
      "file": "cypress\\e2e\\Integration\\Teste-Login.cy.js",
      "beforeHooks": [],
      "afterHooks": [],
      "tests": [],
      "suites": [
        {
          "uuid": "7630330c-5f92-49c6-b183-323427d0192b",
          "title": "template spec",
          "fullFile": "",
          "file": "",
          "beforeHooks": [],
          "afterHooks": [],
          "tests": [
            {
              "title": "Validar login com credenciais válidas",
              "fullTitle": "template spec Validar login com credenciais válidas",
              "timedOut": null,
              "duration": 3697,
              "state": "passed",
              "speed": "fast",
              "pass": true,
              "fail": false,
              "pending": false,
              "context": null,
              "code": "_login.default.preencherLoginSucesso();\n_login.default.botaoConfirmar();\n_login.default.mensagemConfirmacao();",
              "err": {},
              "uuid": "a7ec4597-9f87-4177-a14d-a0cb38f553d4",
              "parentUUID": "7630330c-5f92-49c6-b183-323427d0192b",
              "isHook": false,
              "skipped": false
            },
            {
              "title": "Validar login com usuário bloqueado",
              "fullTitle": "template spec Validar login com usuário bloqueado",
              "timedOut": null,
              "duration": 1188,
              "state": "passed",
              "speed": "fast",
              "pass": true,
              "fail": false,
              "pending": false,
              "context": null,
              "code": "_login.default.preencherLoginBloqueado();\n_login.default.botaoConfirmar();\n_login.default.mensagemUsuarioBloqueado();",
              "err": {},
              "uuid": "d90d3751-0b19-48ac-8421-27e3bfd9a54a",
              "parentUUID": "7630330c-5f92-49c6-b183-323427d0192b",
              "isHook": false,
              "skipped": false
            },
            {
              "title": "Validar login com credenciais inválidas",
              "fullTitle": "template spec Validar login com credenciais inválidas",
              "timedOut": null,
              "duration": 1072,
              "state": "passed",
              "speed": "fast",
              "pass": true,
              "fail": false,
              "pending": false,
              "context": null,
              "code": "_login.default.preencherLoginInvalido();\n_login.default.botaoConfirmar();\n_login.default.mensagemUsuarioInvalido();",
              "err": {},
              "uuid": "aaef11e9-e6f5-4afa-9b23-391320c5f6b9",
              "parentUUID": "7630330c-5f92-49c6-b183-323427d0192b",
              "isHook": false,
              "skipped": false
            },
            {
              "title": "Validar mensagem de erro ao tentar login sem preencher os campos",
              "fullTitle": "template spec Validar mensagem de erro ao tentar login sem preencher os campos",
              "timedOut": null,
              "duration": 230,
              "state": "passed",
              "speed": "fast",
              "pass": true,
              "fail": false,
              "pending": false,
              "context": null,
              "code": "_login.default.botaoConfirmar();\n_login.default.mensagemPreenchimentoVazio();",
              "err": {},
              "uuid": "550ad90b-7d14-40f9-be86-8494411cb01a",
              "parentUUID": "7630330c-5f92-49c6-b183-323427d0192b",
              "isHook": false,
              "skipped": false
            },
            {
              "title": "Validar logout com sucesso",
              "fullTitle": "template spec Validar logout com sucesso",
              "timedOut": null,
              "duration": 8343,
              "state": "failed",
              "speed": null,
              "pass": false,
              "fail": true,
              "pending": false,
              "context": null,
              "code": "_login.default.preencherLoginSucesso();\n_login.default.botaoConfirmar();\n_inventario.default.botaoLista();\n_inventario.default.botaoLogout();\n_inventario.default.confirmacaoPaginaInicial();",
              "err": {
                "message": "AssertionError: Timed out retrying after 4000ms: Expected to find content: 'Accepted usernames are:Password for all users:' but never did.",
                "estack": "AssertionError: Timed out retrying after 4000ms: Expected to find content: 'Accepted usernames are:Password for all users:' but never did.\n    at inventario.confirmacaoPaginaInicial (webpack://swaglabs_e2e_cypress/./cypress/e2e/pages/inventario.js:108:75)\n    at Context.eval (webpack://swaglabs_e2e_cypress/./cypress/e2e/Integration/Teste-Login.cy.js:47:16)",
                "diff": null
              },
              "uuid": "88351289-bd6c-4678-b23a-07f8814135d6",
              "parentUUID": "7630330c-5f92-49c6-b183-323427d0192b",
              "isHook": false,
              "skipped": false
            }
          ],
          "suites": [],
          "passes": [
            "a7ec4597-9f87-4177-a14d-a0cb38f553d4",
            "d90d3751-0b19-48ac-8421-27e3bfd9a54a",
            "aaef11e9-e6f5-4afa-9b23-391320c5f6b9",
            "550ad90b-7d14-40f9-be86-8494411cb01a"
          ],
          "failures": [
            "88351289-bd6c-4678-b23a-07f8814135d6"
          ],
          "pending": [],
          "skipped": [],
          "duration": 14530,
          "root": false,
          "rootEmpty": false,
          "_timeout": 2000
        }
      ],
      "passes": [],
      "failures": [],
      "pending": [],
      "skipped": [],
      "duration": 0,
      "root": true,
      "rootEmpty": true,
      "_timeout": 2000
    }
  ],
  "meta": {
    "mocha": {
      "version": "7.0.1"
    },
    "mochawesome": {
      "options": {
        "quiet": false,
        "reportFilename": "mochawesome",
        "saveHtml": true,
        "saveJson": true,
        "consoleReporter": "spec",
        "useInlineDiffs": false,
        "code": true
      },
      "version": "7.1.3"
    },
    "marge": {
      "options": {
        "reportDir": "cypress/reports",
        "overwrite": false,
        "html": true,
        "json": true
      },
      "version": "6.2.0"
    }
  }
}