{
  "stats": {
    "suites": 1,
    "tests": 3,
    "passes": 3,
    "pending": 0,
    "failures": 0,
    "start": "2025-01-24T18:12:37.856Z",
    "end": "2025-01-24T18:12:45.965Z",
    "duration": 8109,
    "testsRegistered": 3,
    "passPercent": 100,
    "pendingPercent": 0,
    "other": 0,
    "hasOther": false,
    "skipped": 0,
    "hasSkipped": false
  },
  "results": [
    {
      "uuid": "f087236f-d71b-4385-949a-d8845126df8e",
      "title": "",
      "fullFile": "cypress\\e2e\\Integration\\Teste-Login.cy.js",
      "file": "cypress\\e2e\\Integration\\Teste-Login.cy.js",
      "beforeHooks": [],
      "afterHooks": [],
      "tests": [],
      "suites": [
        {
          "uuid": "4d1d2a1b-de35-4f77-a2dc-f6b72b5af0e6",
          "title": "template spec",
          "fullFile": "",
          "file": "",
          "beforeHooks": [],
          "afterHooks": [],
          "tests": [
            {
              "title": "Validar login com credenciais válidas",
              "fullTitle": "template spec Validar login com credenciais válidas",
              "timedOut": null,
              "duration": 3093,
              "state": "passed",
              "speed": "fast",
              "pass": true,
              "fail": false,
              "pending": false,
              "context": null,
              "code": "_login.default.preencherLoginSucesso();\n_login.default.botaoConfirmar();\n_login.default.mensagemConfirmacao();",
              "err": {},
              "uuid": "a9cc9d62-8766-4aed-a2e4-002dbef469f5",
              "parentUUID": "4d1d2a1b-de35-4f77-a2dc-f6b72b5af0e6",
              "isHook": false,
              "skipped": false
            },
            {
              "title": "Validar login com usuário bloqueado",
              "fullTitle": "template spec Validar login com usuário bloqueado",
              "timedOut": null,
              "duration": 1231,
              "state": "passed",
              "speed": "fast",
              "pass": true,
              "fail": false,
              "pending": false,
              "context": null,
              "code": "_login.default.preencherLoginBloqueado();\n_login.default.botaoConfirmar();\n_login.default.mensagemUsuarioBloqueado();",
              "err": {},
              "uuid": "5a635b7f-aabf-4e1b-ae59-4bcfa60f8c53",
              "parentUUID": "4d1d2a1b-de35-4f77-a2dc-f6b72b5af0e6",
              "isHook": false,
              "skipped": false
            },
            {
              "title": "Validar login com credenciais inválidas",
              "fullTitle": "template spec Validar login com credenciais inválidas",
              "timedOut": null,
              "duration": 1125,
              "state": "passed",
              "speed": "fast",
              "pass": true,
              "fail": false,
              "pending": false,
              "context": null,
              "code": "_login.default.preencherLoginInvalido();\n_login.default.botaoConfirmar();\n_login.default.mensagemUsuarioInvalido();",
              "err": {},
              "uuid": "06c1a44f-e42a-4693-bac8-5aa3acf29b6d",
              "parentUUID": "4d1d2a1b-de35-4f77-a2dc-f6b72b5af0e6",
              "isHook": false,
              "skipped": false
            }
          ],
          "suites": [],
          "passes": [
            "a9cc9d62-8766-4aed-a2e4-002dbef469f5",
            "5a635b7f-aabf-4e1b-ae59-4bcfa60f8c53",
            "06c1a44f-e42a-4693-bac8-5aa3acf29b6d"
          ],
          "failures": [],
          "pending": [],
          "skipped": [],
          "duration": 5449,
          "root": false,
          "rootEmpty": false,
          "_timeout": 2000
        }
      ],
      "passes": [],
      "failures": [],
      "pending": [],
      "skipped": [],
      "duration": 0,
      "root": true,
      "rootEmpty": true,
      "_timeout": 2000
    }
  ],
  "meta": {
    "mocha": {
      "version": "7.0.1"
    },
    "mochawesome": {
      "options": {
        "quiet": false,
        "reportFilename": "mochawesome",
        "saveHtml": true,
        "saveJson": true,
        "consoleReporter": "spec",
        "useInlineDiffs": false,
        "code": true
      },
      "version": "7.1.3"
    },
    "marge": {
      "options": {
        "reportDir": "cypress/reports",
        "overwrite": false,
        "html": true,
        "json": true
      },
      "version": "6.2.0"
    }
  }
}