{
  "stats": {
    "suites": 1,
    "tests": 13,
    "passes": 13,
    "pending": 0,
    "failures": 0,
    "start": "2025-01-31T15:01:06.859Z",
    "end": "2025-01-31T15:01:33.452Z",
    "duration": 26593,
    "testsRegistered": 13,
    "passPercent": 100,
    "pendingPercent": 0,
    "other": 0,
    "hasOther": false,
    "skipped": 0,
    "hasSkipped": false
  },
  "results": [
    {
      "uuid": "46a8031d-e008-4fa0-a601-49cb5ed24907",
      "title": "",
      "fullFile": "cypress\\e2e\\Integration\\Teste-Navegacao.cy.js",
      "file": "cypress\\e2e\\Integration\\Teste-Navegacao.cy.js",
      "beforeHooks": [],
      "afterHooks": [],
      "tests": [],
      "suites": [
        {
          "uuid": "bc9701fb-c879-43a1-8cea-cd4e7c693778",
          "title": "template spec",
          "fullFile": "",
          "file": "",
          "beforeHooks": [],
          "afterHooks": [],
          "tests": [
            {
              "title": "Validar que o usuario foi redirecionamento para página de inventário",
              "fullTitle": "template spec Validar que o usuario foi redirecionamento para página de inventário",
              "timedOut": null,
              "duration": 3110,
              "state": "passed",
              "speed": "fast",
              "pass": true,
              "fail": false,
              "pending": false,
              "context": null,
              "code": "_login.default.preencherLoginSucesso();\n_login.default.botaoConfirmar();\n_inventario.default.mensagemConfirmacaoInventario();\n_inventario.default.adicionarMochilaCarrinho();",
              "err": {},
              "uuid": "f098a9c7-23bb-4f6e-aaf6-18eda0e1055f",
              "parentUUID": "bc9701fb-c879-43a1-8cea-cd4e7c693778",
              "isHook": false,
              "skipped": false
            },
            {
              "title": "Validar detalhes do produto Mochila",
              "fullTitle": "template spec Validar detalhes do produto Mochila",
              "timedOut": null,
              "duration": 1545,
              "state": "passed",
              "speed": "fast",
              "pass": true,
              "fail": false,
              "pending": false,
              "context": null,
              "code": "_login.default.preencherLoginSucesso();\n_login.default.botaoConfirmar();\n_inventario.default.mensagemConfirmacaoInventario();\n_inventario.default.descricaoProdutoMochila();\n_inventario.default.textoDescricaoMochila();",
              "err": {},
              "uuid": "8eff8d00-cd2b-4907-a4aa-2437fd31d11b",
              "parentUUID": "bc9701fb-c879-43a1-8cea-cd4e7c693778",
              "isHook": false,
              "skipped": false
            },
            {
              "title": "Validar que o produto Mochila está adiconado ao carrinho",
              "fullTitle": "template spec Validar que o produto Mochila está adiconado ao carrinho",
              "timedOut": null,
              "duration": 1345,
              "state": "passed",
              "speed": "fast",
              "pass": true,
              "fail": false,
              "pending": false,
              "context": null,
              "code": "_login.default.preencherLoginSucesso();\n_login.default.botaoConfirmar();\n_inventario.default.mensagemConfirmacaoInventario();\n_inventario.default.adicionarMochilaCarrinho();\n_carrinho.default.botaoCarrinho();\n_carrinho.default.tituloConfirmacaoCarrinho();",
              "err": {},
              "uuid": "4539a519-8420-40c0-9127-db97fba0d4e9",
              "parentUUID": "bc9701fb-c879-43a1-8cea-cd4e7c693778",
              "isHook": false,
              "skipped": false
            },
            {
              "title": "Validar remoção do produto Jaqueta do carrinho",
              "fullTitle": "template spec Validar remoção do produto Jaqueta do carrinho",
              "timedOut": null,
              "duration": 1423,
              "state": "passed",
              "speed": "fast",
              "pass": true,
              "fail": false,
              "pending": false,
              "context": null,
              "code": "_login.default.preencherLoginSucesso();\n_login.default.botaoConfirmar();\n_inventario.default.mensagemConfirmacaoInventario();\n_inventario.default.adicionarJaquetaCarrinho();\n_carrinho.default.botaoCarrinho();\n_carrinho.default.tituloConfirmacaoCarrinho();\n_carrinho.default.botaoRemoverJaqueta();",
              "err": {},
              "uuid": "e5e416e1-c2be-479f-9437-88e5b812b3b8",
              "parentUUID": "bc9701fb-c879-43a1-8cea-cd4e7c693778",
              "isHook": false,
              "skipped": false
            },
            {
              "title": "Validar itens listados no carrinho de compras",
              "fullTitle": "template spec Validar itens listados no carrinho de compras",
              "timedOut": null,
              "duration": 1583,
              "state": "passed",
              "speed": "fast",
              "pass": true,
              "fail": false,
              "pending": false,
              "context": null,
              "code": "_login.default.preencherLoginSucesso();\n_login.default.botaoConfirmar();\n_inventario.default.mensagemConfirmacaoInventario();\n_inventario.default.adicionarbabyBodyCarrinho();\n_inventario.default.adicionarLanternaCarrinho();\n// inventario.adicionarCasacoCarrinho();\n_carrinho.default.botaoCarrinho();\n_carrinho.default.tituloConfirmacaoCarrinho();\n_carrinho.default.textoBabyBody();\n_carrinho.default.textoLanterna();\n// carrinho.textoCasaco();",
              "err": {},
              "uuid": "a712ee17-9f61-4131-81ba-9ab5da55391a",
              "parentUUID": "bc9701fb-c879-43a1-8cea-cd4e7c693778",
              "isHook": false,
              "skipped": false
            },
            {
              "title": "Validar processo inicial de checkout",
              "fullTitle": "template spec Validar processo inicial de checkout",
              "timedOut": null,
              "duration": 1465,
              "state": "passed",
              "speed": "fast",
              "pass": true,
              "fail": false,
              "pending": false,
              "context": null,
              "code": "_login.default.preencherLoginSucesso();\n_login.default.botaoConfirmar();\n_inventario.default.mensagemConfirmacaoInventario();\n_inventario.default.adicionarLanternaCarrinho();\n_carrinho.default.botaoCarrinho();\n_carrinho.default.tituloConfirmacaoCarrinho();\n_carrinho.default.textoLanterna();\n_carrinho.default.botaoCheckout();",
              "err": {},
              "uuid": "c58298c9-c7d4-45d7-af30-eee61f98bd26",
              "parentUUID": "bc9701fb-c879-43a1-8cea-cd4e7c693778",
              "isHook": false,
              "skipped": false
            },
            {
              "title": "Validar preenchimento dos campos do checkout",
              "fullTitle": "template spec Validar preenchimento dos campos do checkout",
              "timedOut": null,
              "duration": 2310,
              "state": "passed",
              "speed": "fast",
              "pass": true,
              "fail": false,
              "pending": false,
              "context": null,
              "code": "_login.default.preencherLoginSucesso();\n_login.default.botaoConfirmar();\n_inventario.default.adicionarLanternaCarrinho();\n_carrinho.default.botaoCarrinho();\n_carrinho.default.botaoCheckout();\n_saida.default.preencherCheckout();",
              "err": {},
              "uuid": "c2280f9d-0905-4ec6-877b-14b9eda48a67",
              "parentUUID": "bc9701fb-c879-43a1-8cea-cd4e7c693778",
              "isHook": false,
              "skipped": false
            },
            {
              "title": "Validar a finalização do pedido com informações válidas",
              "fullTitle": "template spec Validar a finalização do pedido com informações válidas",
              "timedOut": null,
              "duration": 2738,
              "state": "passed",
              "speed": "fast",
              "pass": true,
              "fail": false,
              "pending": false,
              "context": null,
              "code": "_login.default.preencherLoginSucesso();\n_login.default.botaoConfirmar();\n_inventario.default.adicionarLanternaCarrinho();\n_carrinho.default.botaoCarrinho();\n_carrinho.default.botaoCheckout();\n_saida.default.preencherCheckout();\n_saida.default.botaoContinue();\n_saida.default.mensagemPayment();\n_saida.default.mensagemShipping();\n_saida.default.botaoFinalizar();\n_saida.default.mensagemFinal();\n_saida.default.botaoBackHome();",
              "err": {},
              "uuid": "148e626b-782e-4e9d-974d-800f633f7024",
              "parentUUID": "bc9701fb-c879-43a1-8cea-cd4e7c693778",
              "isHook": false,
              "skipped": false
            },
            {
              "title": "Validar erro ao tentar finalizar o pedido com informações inválidas",
              "fullTitle": "template spec Validar erro ao tentar finalizar o pedido com informações inválidas",
              "timedOut": null,
              "duration": 2904,
              "state": "passed",
              "speed": "fast",
              "pass": true,
              "fail": false,
              "pending": false,
              "context": null,
              "code": "_login.default.preencherLoginSucesso();\n_login.default.botaoConfirmar();\n_inventario.default.adicionarLanternaCarrinho();\n_carrinho.default.botaoCarrinho();\n_carrinho.default.botaoCheckout();\n_saida.default.botaoContinue();\n_saida.default.mensagemErroFirstName();\n_saida.default.preencherPrimeiroNome();\n_saida.default.botaoContinue();\n_saida.default.mensagemErroLastName();\n_saida.default.preencherUltimoNome();\n_saida.default.botaoContinue();\n_saida.default.mensagemErroPostalCode();\n_saida.default.preencherPostalCode();\n_saida.default.botaoContinue();",
              "err": {},
              "uuid": "e076b861-9a07-4291-81ce-a180bfc1b55a",
              "parentUUID": "bc9701fb-c879-43a1-8cea-cd4e7c693778",
              "isHook": false,
              "skipped": false
            },
            {
              "title": "Validar que os produtos estão sendo ordenados por preço crescente",
              "fullTitle": "template spec Validar que os produtos estão sendo ordenados por preço crescente",
              "timedOut": null,
              "duration": 1222,
              "state": "passed",
              "speed": "fast",
              "pass": true,
              "fail": false,
              "pending": false,
              "context": null,
              "code": "_login.default.preencherLoginSucesso();\n_login.default.botaoConfirmar();\n_inventario.default.selecionarOrdenacao('lohi');\n_inventario.default.validarOrdenacaoCrescente();",
              "err": {},
              "uuid": "b1d02aa5-4d73-4b91-b50a-3e41588d52e0",
              "parentUUID": "bc9701fb-c879-43a1-8cea-cd4e7c693778",
              "isHook": false,
              "skipped": false
            },
            {
              "title": "Validar que os produtos estão sendo ordenados por preço decrescente",
              "fullTitle": "template spec Validar que os produtos estão sendo ordenados por preço decrescente",
              "timedOut": null,
              "duration": 1206,
              "state": "passed",
              "speed": "fast",
              "pass": true,
              "fail": false,
              "pending": false,
              "context": null,
              "code": "_login.default.preencherLoginSucesso();\n_login.default.botaoConfirmar();\n_inventario.default.selecionarOrdenacao('hilo');\n_inventario.default.validarOrdenacaoDecrescente();",
              "err": {},
              "uuid": "b497a5f0-6af4-4938-82f7-ce379df4d6b5",
              "parentUUID": "bc9701fb-c879-43a1-8cea-cd4e7c693778",
              "isHook": false,
              "skipped": false
            },
            {
              "title": "Validar que os produtos estão sendo ordenados por nome A-Z",
              "fullTitle": "template spec Validar que os produtos estão sendo ordenados por nome A-Z",
              "timedOut": null,
              "duration": 1246,
              "state": "passed",
              "speed": "fast",
              "pass": true,
              "fail": false,
              "pending": false,
              "context": null,
              "code": "_login.default.preencherLoginSucesso();\n_login.default.botaoConfirmar();\n_inventario.default.selecionarOrdenacao('az');\n_inventario.default.validarOrdenacaoNomeAZ();",
              "err": {},
              "uuid": "4b33a14c-d794-4939-8f02-187ee0109578",
              "parentUUID": "bc9701fb-c879-43a1-8cea-cd4e7c693778",
              "isHook": false,
              "skipped": false
            },
            {
              "title": "Validar que os produtos estão sendo ordenados por nome Z-A",
              "fullTitle": "template spec Validar que os produtos estão sendo ordenados por nome Z-A",
              "timedOut": null,
              "duration": 1237,
              "state": "passed",
              "speed": "fast",
              "pass": true,
              "fail": false,
              "pending": false,
              "context": null,
              "code": "_login.default.preencherLoginSucesso();\n_login.default.botaoConfirmar();\n_inventario.default.selecionarOrdenacao('za');\n_inventario.default.validarOrdenacaoNomeZA();",
              "err": {},
              "uuid": "fef1719b-861e-4b29-a01e-9184371f06d4",
              "parentUUID": "bc9701fb-c879-43a1-8cea-cd4e7c693778",
              "isHook": false,
              "skipped": false
            }
          ],
          "suites": [],
          "passes": [
            "f098a9c7-23bb-4f6e-aaf6-18eda0e1055f",
            "8eff8d00-cd2b-4907-a4aa-2437fd31d11b",
            "4539a519-8420-40c0-9127-db97fba0d4e9",
            "e5e416e1-c2be-479f-9437-88e5b812b3b8",
            "a712ee17-9f61-4131-81ba-9ab5da55391a",
            "c58298c9-c7d4-45d7-af30-eee61f98bd26",
            "c2280f9d-0905-4ec6-877b-14b9eda48a67",
            "148e626b-782e-4e9d-974d-800f633f7024",
            "e076b861-9a07-4291-81ce-a180bfc1b55a",
            "b1d02aa5-4d73-4b91-b50a-3e41588d52e0",
            "b497a5f0-6af4-4938-82f7-ce379df4d6b5",
            "4b33a14c-d794-4939-8f02-187ee0109578",
            "fef1719b-861e-4b29-a01e-9184371f06d4"
          ],
          "failures": [],
          "pending": [],
          "skipped": [],
          "duration": 23334,
          "root": false,
          "rootEmpty": false,
          "_timeout": 2000
        }
      ],
      "passes": [],
      "failures": [],
      "pending": [],
      "skipped": [],
      "duration": 0,
      "root": true,
      "rootEmpty": true,
      "_timeout": 2000
    }
  ],
  "meta": {
    "mocha": {
      "version": "7.0.1"
    },
    "mochawesome": {
      "options": {
        "quiet": false,
        "reportFilename": "mochawesome",
        "saveHtml": true,
        "saveJson": true,
        "consoleReporter": "spec",
        "useInlineDiffs": false,
        "code": true
      },
      "version": "7.1.3"
    },
    "marge": {
      "options": {
        "reportDir": "cypress/reports",
        "overwrite": false,
        "html": true,
        "json": true
      },
      "version": "6.2.0"
    }
  }
}