{
  "stats": {
    "suites": 1,
    "tests": 2,
    "passes": 2,
    "pending": 0,
    "failures": 0,
    "start": "2025-01-22T19:48:18.520Z",
    "end": "2025-01-22T19:48:23.772Z",
    "duration": 5252,
    "testsRegistered": 2,
    "passPercent": 100,
    "pendingPercent": 0,
    "other": 0,
    "hasOther": false,
    "skipped": 0,
    "hasSkipped": false
  },
  "results": [
    {
      "uuid": "22dbd24e-679a-4214-b8c9-82d32d8efdae",
      "title": "",
      "fullFile": "cypress\\e2e\\Integration\\Teste-Login.cy.js",
      "file": "cypress\\e2e\\Integration\\Teste-Login.cy.js",
      "beforeHooks": [],
      "afterHooks": [],
      "tests": [],
      "suites": [
        {
          "uuid": "2367d84e-5a10-4cd6-822b-667325da6b90",
          "title": "template spec",
          "fullFile": "",
          "file": "",
          "beforeHooks": [],
          "afterHooks": [],
          "tests": [
            {
              "title": "Login com credenciais válidas",
              "fullTitle": "template spec Login com credenciais válidas",
              "timedOut": null,
              "duration": 2259,
              "state": "passed",
              "speed": "fast",
              "pass": true,
              "fail": false,
              "pending": false,
              "context": null,
              "code": "_login.default.preencherLoginSucesso();\n_login.default.botaoConfirmar();\n_login.default.mensagemConfirmacao();",
              "err": {},
              "uuid": "29e12d54-8abf-4274-9ef2-43ef842bd55b",
              "parentUUID": "2367d84e-5a10-4cd6-822b-667325da6b90",
              "isHook": false,
              "skipped": false
            },
            {
              "title": "Login com usuário bloqueado:",
              "fullTitle": "template spec Login com usuário bloqueado:",
              "timedOut": null,
              "duration": 1085,
              "state": "passed",
              "speed": "fast",
              "pass": true,
              "fail": false,
              "pending": false,
              "context": null,
              "code": "_login.default.preencherLoginBloqueado();\n_login.default.botaoConfirmar();\n_login.default.mensagemUsuarioBloqueado();",
              "err": {},
              "uuid": "6f2dea57-b0fd-4b0d-b791-9f7ec2c97f8e",
              "parentUUID": "2367d84e-5a10-4cd6-822b-667325da6b90",
              "isHook": false,
              "skipped": false
            }
          ],
          "suites": [],
          "passes": [
            "29e12d54-8abf-4274-9ef2-43ef842bd55b",
            "6f2dea57-b0fd-4b0d-b791-9f7ec2c97f8e"
          ],
          "failures": [],
          "pending": [],
          "skipped": [],
          "duration": 3344,
          "root": false,
          "rootEmpty": false,
          "_timeout": 2000
        }
      ],
      "passes": [],
      "failures": [],
      "pending": [],
      "skipped": [],
      "duration": 0,
      "root": true,
      "rootEmpty": true,
      "_timeout": 2000
    }
  ],
  "meta": {
    "mocha": {
      "version": "7.0.1"
    },
    "mochawesome": {
      "options": {
        "quiet": false,
        "reportFilename": "mochawesome",
        "saveHtml": true,
        "saveJson": true,
        "consoleReporter": "spec",
        "useInlineDiffs": false,
        "code": true
      },
      "version": "7.1.3"
    },
    "marge": {
      "options": {
        "reportDir": "cypress/reports",
        "overwrite": false,
        "html": true,
        "json": true
      },
      "version": "6.2.0"
    }
  }
}