{
  "stats": {
    "suites": 1,
    "tests": 2,
    "passes": 2,
    "pending": 0,
    "failures": 0,
    "start": "2025-01-24T18:36:49.339Z",
    "end": "2025-01-24T18:36:54.790Z",
    "duration": 5451,
    "testsRegistered": 2,
    "passPercent": 100,
    "pendingPercent": 0,
    "other": 0,
    "hasOther": false,
    "skipped": 0,
    "hasSkipped": false
  },
  "results": [
    {
      "uuid": "182ebcf6-7a9b-4cb6-8b8d-8a77d862cfca",
      "title": "",
      "fullFile": "cypress\\e2e\\Integration\\Teste-Navegacao.cy.js",
      "file": "cypress\\e2e\\Integration\\Teste-Navegacao.cy.js",
      "beforeHooks": [],
      "afterHooks": [],
      "tests": [],
      "suites": [
        {
          "uuid": "057ae5a3-6794-434f-a557-a12d3f3b3d75",
          "title": "template spec",
          "fullFile": "",
          "file": "",
          "beforeHooks": [],
          "afterHooks": [],
          "tests": [
            {
              "title": "Validar que o usuario foi redirecionamento para página de inventário",
              "fullTitle": "template spec Validar que o usuario foi redirecionamento para página de inventário",
              "timedOut": null,
              "duration": 2009,
              "state": "passed",
              "speed": "fast",
              "pass": true,
              "fail": false,
              "pending": false,
              "context": null,
              "code": "_login.default.preencherLoginSucesso();\n_login.default.botaoConfirmar();\n_inventario.default.mensagemConfirmacaoInventario();\n_inventario.default.adicionarCarrinho();",
              "err": {},
              "uuid": "3c2a4fb2-9867-4d97-a355-0ac15dac19ac",
              "parentUUID": "057ae5a3-6794-434f-a557-a12d3f3b3d75",
              "isHook": false,
              "skipped": false
            },
            {
              "title": "Validar detalhes do produto Mochila",
              "fullTitle": "template spec Validar detalhes do produto Mochila",
              "timedOut": null,
              "duration": 1330,
              "state": "passed",
              "speed": "fast",
              "pass": true,
              "fail": false,
              "pending": false,
              "context": null,
              "code": "_login.default.preencherLoginSucesso();\n_login.default.botaoConfirmar();\n_inventario.default.mensagemConfirmacaoInventario();\n_inventario.default.descricaoProdutoMochila();\n_inventario.default.textoDescricaoMochila();",
              "err": {},
              "uuid": "5bbc00e1-9bf5-4df5-bf32-317ff888c189",
              "parentUUID": "057ae5a3-6794-434f-a557-a12d3f3b3d75",
              "isHook": false,
              "skipped": false
            }
          ],
          "suites": [],
          "passes": [
            "3c2a4fb2-9867-4d97-a355-0ac15dac19ac",
            "5bbc00e1-9bf5-4df5-bf32-317ff888c189"
          ],
          "failures": [],
          "pending": [],
          "skipped": [],
          "duration": 3339,
          "root": false,
          "rootEmpty": false,
          "_timeout": 2000
        }
      ],
      "passes": [],
      "failures": [],
      "pending": [],
      "skipped": [],
      "duration": 0,
      "root": true,
      "rootEmpty": true,
      "_timeout": 2000
    }
  ],
  "meta": {
    "mocha": {
      "version": "7.0.1"
    },
    "mochawesome": {
      "options": {
        "quiet": false,
        "reportFilename": "mochawesome",
        "saveHtml": true,
        "saveJson": true,
        "consoleReporter": "spec",
        "useInlineDiffs": false,
        "code": true
      },
      "version": "7.1.3"
    },
    "marge": {
      "options": {
        "reportDir": "cypress/reports",
        "overwrite": false,
        "html": true,
        "json": true
      },
      "version": "6.2.0"
    }
  }
}