{
  "stats": {
    "suites": 1,
    "tests": 5,
    "passes": 4,
    "pending": 0,
    "failures": 1,
    "start": "2025-01-28T20:42:43.458Z",
    "end": "2025-01-28T20:42:55.655Z",
    "duration": 12197,
    "testsRegistered": 5,
    "passPercent": 80,
    "pendingPercent": 0,
    "other": 0,
    "hasOther": false,
    "skipped": 0,
    "hasSkipped": false
  },
  "results": [
    {
      "uuid": "bfec5674-fc30-4c58-8a20-0418bc573c43",
      "title": "",
      "fullFile": "cypress\\e2e\\Integration\\Teste-Navegacao.cy.js",
      "file": "cypress\\e2e\\Integration\\Teste-Navegacao.cy.js",
      "beforeHooks": [],
      "afterHooks": [],
      "tests": [],
      "suites": [
        {
          "uuid": "6523c27a-066a-4b35-8199-7a3f225e94f3",
          "title": "template spec",
          "fullFile": "",
          "file": "",
          "beforeHooks": [],
          "afterHooks": [],
          "tests": [
            {
              "title": "Validar que o usuario foi redirecionamento para página de inventário",
              "fullTitle": "template spec Validar que o usuario foi redirecionamento para página de inventário",
              "timedOut": null,
              "duration": 2843,
              "state": "passed",
              "speed": "fast",
              "pass": true,
              "fail": false,
              "pending": false,
              "context": null,
              "code": "_login.default.preencherLoginSucesso();\n_login.default.botaoConfirmar();\n_inventario.default.mensagemConfirmacaoInventario();\n_inventario.default.adicionarMochilaCarrinho();",
              "err": {},
              "uuid": "811b46c8-ec6d-4264-ad3a-203d221b8c22",
              "parentUUID": "6523c27a-066a-4b35-8199-7a3f225e94f3",
              "isHook": false,
              "skipped": false
            },
            {
              "title": "Validar detalhes do produto Mochila",
              "fullTitle": "template spec Validar detalhes do produto Mochila",
              "timedOut": null,
              "duration": 1593,
              "state": "passed",
              "speed": "fast",
              "pass": true,
              "fail": false,
              "pending": false,
              "context": null,
              "code": "_login.default.preencherLoginSucesso();\n_login.default.botaoConfirmar();\n_inventario.default.mensagemConfirmacaoInventario();\n_inventario.default.descricaoProdutoMochila();\n_inventario.default.textoDescricaoMochila();",
              "err": {},
              "uuid": "d14ffc01-a072-44aa-89a0-3360a82de46e",
              "parentUUID": "6523c27a-066a-4b35-8199-7a3f225e94f3",
              "isHook": false,
              "skipped": false
            },
            {
              "title": "Validar que o produto Mochila está adiconado ao carrinho",
              "fullTitle": "template spec Validar que o produto Mochila está adiconado ao carrinho",
              "timedOut": null,
              "duration": 1345,
              "state": "passed",
              "speed": "fast",
              "pass": true,
              "fail": false,
              "pending": false,
              "context": null,
              "code": "_login.default.preencherLoginSucesso();\n_login.default.botaoConfirmar();\n_inventario.default.mensagemConfirmacaoInventario();\n_inventario.default.adicionarMochilaCarrinho();\n_carrinho.default.botaoCarrinho();\n_carrinho.default.tituloConfirmacaoCarrinho();",
              "err": {},
              "uuid": "f3cd7637-9667-49be-914b-419aa176fbeb",
              "parentUUID": "6523c27a-066a-4b35-8199-7a3f225e94f3",
              "isHook": false,
              "skipped": false
            },
            {
              "title": "Validar remoção do produto Jaqueta do carrinho",
              "fullTitle": "template spec Validar remoção do produto Jaqueta do carrinho",
              "timedOut": null,
              "duration": 1611,
              "state": "passed",
              "speed": "fast",
              "pass": true,
              "fail": false,
              "pending": false,
              "context": null,
              "code": "_login.default.preencherLoginSucesso();\n_login.default.botaoConfirmar();\n_inventario.default.mensagemConfirmacaoInventario();\n_inventario.default.adicionarJaquetaCarrinho();\n_carrinho.default.botaoCarrinho();\n_carrinho.default.tituloConfirmacaoCarrinho();\n_carrinho.default.botaoRemoverJaqueta();",
              "err": {},
              "uuid": "158c06f5-19d8-4048-b90d-3e1d3065ede8",
              "parentUUID": "6523c27a-066a-4b35-8199-7a3f225e94f3",
              "isHook": false,
              "skipped": false
            },
            {
              "title": "Validar itens listados no carrinho de compras",
              "fullTitle": "template spec Validar itens listados no carrinho de compras",
              "timedOut": null,
              "duration": 1909,
              "state": "failed",
              "speed": null,
              "pass": false,
              "fail": true,
              "pending": false,
              "context": null,
              "code": "_login.default.preencherLoginSucesso();\n_login.default.botaoConfirmar();\n_inventario.default.mensagemConfirmacaoInventario();\n_inventario.default.adicionarbabyBodyCarrinho();\n_inventario.default.adicionarLanternaCarrinho();\n_inventario.default.adicionarCasacoCarrinho();\n_carrinho.default.botaoCarrinho();\n_carrinho.default.tituloConfirmacaoCarrinho();\n_carrinho.default.textoDescricaoBabyBody();\n_carrinho.default.textoDescricaoMochila();\n_carrinho.default.textoCasaco();",
              "err": {
                "message": "Error: Syntax error, unrecognized expression: #add-to-cart-test.allthethings()-t-shirt-(red)",
                "estack": "Error: Syntax error, unrecognized expression: #add-to-cart-test.allthethings()-t-shirt-(red)\n    at find.error (https://www.saucedemo.com/__cypress/runner/cypress_runner.js:8298:8)\n    at tokenize (https://www.saucedemo.com/__cypress/runner/cypress_runner.js:8964:8)\n    at select (https://www.saucedemo.com/__cypress/runner/cypress_runner.js:9423:20)\n    at Function.find (https://www.saucedemo.com/__cypress/runner/cypress_runner.js:7734:9)\n    at jQuery.fn.init.find (https://www.saucedemo.com/__cypress/runner/cypress_runner.js:9633:11)\n    at new jQuery.fn.init (https://www.saucedemo.com/__cypress/runner/cypress_runner.js:9748:40)\n    at Object.query (https://www.saucedemo.com/__cypress/runner/cypress_runner.js:17940:10)\n    at $Cy.$$ (https://www.saucedemo.com/__cypress/runner/cypress_runner.js:139155:57)\n    at <unknown> (https://www.saucedemo.com/__cypress/runner/cypress_runner.js:131087:18)\n    at Object.subjectFn (https://www.saucedemo.com/__cypress/runner/cypress_runner.js:142971:16)\n    at $Cy.verifyUpcomingAssertions (https://www.saucedemo.com/__cypress/runner/cypress_runner.js:142310:31)\n    at onRetry (https://www.saucedemo.com/__cypress/runner/cypress_runner.js:142962:15)\n    at retryQuery (https://www.saucedemo.com/__cypress/runner/cypress_runner.js:142975:10)\n    at <unknown> (https://www.saucedemo.com/__cypress/runner/cypress_runner.js:143128:17)\n    at tryCatcher (https://www.saucedemo.com/__cypress/runner/cypress_runner.js:1777:23)\n    at Promise._settlePromiseFromHandler (https://www.saucedemo.com/__cypress/runner/cypress_runner.js:1489:31)\n    at Promise._settlePromise (https://www.saucedemo.com/__cypress/runner/cypress_runner.js:1546:18)\n    at Promise._settlePromiseCtx (https://www.saucedemo.com/__cypress/runner/cypress_runner.js:1583:10)\n    at _drainQueueStep (https://www.saucedemo.com/__cypress/runner/cypress_runner.js:2381:12)\n    at _drainQueue (https://www.saucedemo.com/__cypress/runner/cypress_runner.js:2370:9)\n    at Async._drainQueues (https://www.saucedemo.com/__cypress/runner/cypress_runner.js:2386:5)\n    at Async.drainQueues (https://www.saucedemo.com/__cypress/runner/cypress_runner.js:2256:14)",
                "diff": null
              },
              "uuid": "c9946fa4-0f91-4c38-b390-f5a69f17e0a5",
              "parentUUID": "6523c27a-066a-4b35-8199-7a3f225e94f3",
              "isHook": false,
              "skipped": false
            }
          ],
          "suites": [],
          "passes": [
            "811b46c8-ec6d-4264-ad3a-203d221b8c22",
            "d14ffc01-a072-44aa-89a0-3360a82de46e",
            "f3cd7637-9667-49be-914b-419aa176fbeb",
            "158c06f5-19d8-4048-b90d-3e1d3065ede8"
          ],
          "failures": [
            "c9946fa4-0f91-4c38-b390-f5a69f17e0a5"
          ],
          "pending": [],
          "skipped": [],
          "duration": 9301,
          "root": false,
          "rootEmpty": false,
          "_timeout": 2000
        }
      ],
      "passes": [],
      "failures": [],
      "pending": [],
      "skipped": [],
      "duration": 0,
      "root": true,
      "rootEmpty": true,
      "_timeout": 2000
    }
  ],
  "meta": {
    "mocha": {
      "version": "7.0.1"
    },
    "mochawesome": {
      "options": {
        "quiet": false,
        "reportFilename": "mochawesome",
        "saveHtml": true,
        "saveJson": true,
        "consoleReporter": "spec",
        "useInlineDiffs": false,
        "code": true
      },
      "version": "7.1.3"
    },
    "marge": {
      "options": {
        "reportDir": "cypress/reports",
        "overwrite": false,
        "html": true,
        "json": true
      },
      "version": "6.2.0"
    }
  }
}