{
  "stats": {
    "suites": 1,
    "tests": 3,
    "passes": 2,
    "pending": 0,
    "failures": 1,
    "start": "2025-01-24T19:11:23.871Z",
    "end": "2025-01-24T19:11:29.208Z",
    "duration": 5337,
    "testsRegistered": 3,
    "passPercent": 66.66666666666666,
    "pendingPercent": 0,
    "other": 0,
    "hasOther": false,
    "skipped": 0,
    "hasSkipped": false
  },
  "results": [
    {
      "uuid": "ccf02a08-6676-4a4c-a103-308e3a7cce5f",
      "title": "",
      "fullFile": "cypress\\e2e\\Integration\\Teste-Navegacao.cy.js",
      "file": "cypress\\e2e\\Integration\\Teste-Navegacao.cy.js",
      "beforeHooks": [],
      "afterHooks": [],
      "tests": [],
      "suites": [
        {
          "uuid": "b5d7b83b-0713-48a0-90ad-6552c4143ab8",
          "title": "template spec",
          "fullFile": "",
          "file": "",
          "beforeHooks": [],
          "afterHooks": [],
          "tests": [
            {
              "title": "Validar que o usuario foi redirecionamento para página de inventário",
              "fullTitle": "template spec Validar que o usuario foi redirecionamento para página de inventário",
              "timedOut": null,
              "duration": 1253,
              "state": "failed",
              "speed": null,
              "pass": false,
              "fail": true,
              "pending": false,
              "context": null,
              "code": "_login.default.preencherLoginSucesso();\n_login.default.botaoConfirmar();\n_inventario.default.mensagemConfirmacaoInventario();\n_inventario.default.adicionarCarrinho();",
              "err": {
                "message": "TypeError: _inventario.default.adicionarCarrinho is not a function",
                "estack": "TypeError: _inventario.default.adicionarCarrinho is not a function\n    at Context.eval (webpack://swaglabs_e2e_cypress/./cypress/e2e/Integration/Teste-Navegacao.cy.js:16:15)\n    at runnable.fn (https://www.saucedemo.com/__cypress/runner/cypress_runner.js:137464:19)\n    at callFn (https://www.saucedemo.com/__cypress/runner/cypress_runner.js:156061:21)\n    at Runnable.run (https://www.saucedemo.com/__cypress/runner/cypress_runner.js:156048:7)\n    at <unknown> (https://www.saucedemo.com/__cypress/runner/cypress_runner.js:161972:30)\n    at PassThroughHandlerContext.finallyHandler (https://www.saucedemo.com/__cypress/runner/cypress_runner.js:4042:23)\n    at PassThroughHandlerContext.tryCatcher (https://www.saucedemo.com/__cypress/runner/cypress_runner.js:1777:23)\n    at Promise._settlePromiseFromHandler (https://www.saucedemo.com/__cypress/runner/cypress_runner.js:1489:31)\n    at Promise._settlePromise (https://www.saucedemo.com/__cypress/runner/cypress_runner.js:1546:18)",
                "diff": null
              },
              "uuid": "abbbab97-9a70-40de-b48e-9cbc0494e2bb",
              "parentUUID": "b5d7b83b-0713-48a0-90ad-6552c4143ab8",
              "isHook": false,
              "skipped": false
            },
            {
              "title": "Validar detalhes do produto Mochila",
              "fullTitle": "template spec Validar detalhes do produto Mochila",
              "timedOut": null,
              "duration": 1084,
              "state": "passed",
              "speed": "fast",
              "pass": true,
              "fail": false,
              "pending": false,
              "context": null,
              "code": "_login.default.preencherLoginSucesso();\n_login.default.botaoConfirmar();\n_inventario.default.mensagemConfirmacaoInventario();\n_inventario.default.descricaoProdutoMochila();\n_inventario.default.textoDescricaoMochila();",
              "err": {},
              "uuid": "55c16043-60fc-4b42-856e-3981b02beadc",
              "parentUUID": "b5d7b83b-0713-48a0-90ad-6552c4143ab8",
              "isHook": false,
              "skipped": false
            },
            {
              "title": "Validar que o produto Mochila está adiconado ao carrinho",
              "fullTitle": "template spec Validar que o produto Mochila está adiconado ao carrinho",
              "timedOut": null,
              "duration": 1569,
              "state": "passed",
              "speed": "fast",
              "pass": true,
              "fail": false,
              "pending": false,
              "context": null,
              "code": "_login.default.preencherLoginSucesso();\n_login.default.botaoConfirmar();\n_inventario.default.mensagemConfirmacaoInventario();\n_inventario.default.adicionarMochilaCarrinho();\n_carrinho.default.botaoCarrinho();\n_carrinho.default.tituloConfirmacaoCarrinho();",
              "err": {},
              "uuid": "7505a04d-f730-4125-bff8-31d4fe28dccb",
              "parentUUID": "b5d7b83b-0713-48a0-90ad-6552c4143ab8",
              "isHook": false,
              "skipped": false
            }
          ],
          "suites": [],
          "passes": [
            "55c16043-60fc-4b42-856e-3981b02beadc",
            "7505a04d-f730-4125-bff8-31d4fe28dccb"
          ],
          "failures": [
            "abbbab97-9a70-40de-b48e-9cbc0494e2bb"
          ],
          "pending": [],
          "skipped": [],
          "duration": 3906,
          "root": false,
          "rootEmpty": false,
          "_timeout": 2000
        }
      ],
      "passes": [],
      "failures": [],
      "pending": [],
      "skipped": [],
      "duration": 0,
      "root": true,
      "rootEmpty": true,
      "_timeout": 2000
    }
  ],
  "meta": {
    "mocha": {
      "version": "7.0.1"
    },
    "mochawesome": {
      "options": {
        "quiet": false,
        "reportFilename": "mochawesome",
        "saveHtml": true,
        "saveJson": true,
        "consoleReporter": "spec",
        "useInlineDiffs": false,
        "code": true
      },
      "version": "7.1.3"
    },
    "marge": {
      "options": {
        "reportDir": "cypress/reports",
        "overwrite": false,
        "html": true,
        "json": true
      },
      "version": "6.2.0"
    }
  }
}