{
  "stats": {
    "suites": 1,
    "tests": 13,
    "passes": 13,
    "pending": 0,
    "failures": 0,
    "start": "2025-01-31T14:57:13.674Z",
    "end": "2025-01-31T14:57:42.675Z",
    "duration": 29001,
    "testsRegistered": 13,
    "passPercent": 100,
    "pendingPercent": 0,
    "other": 0,
    "hasOther": false,
    "skipped": 0,
    "hasSkipped": false
  },
  "results": [
    {
      "uuid": "cf923dfc-1826-4a95-96a7-9cc0cf139f92",
      "title": "",
      "fullFile": "cypress\\e2e\\Integration\\Teste-Navegacao.cy.js",
      "file": "cypress\\e2e\\Integration\\Teste-Navegacao.cy.js",
      "beforeHooks": [],
      "afterHooks": [],
      "tests": [],
      "suites": [
        {
          "uuid": "4a2e2b6f-347d-4189-8595-39429d9416b5",
          "title": "template spec",
          "fullFile": "",
          "file": "",
          "beforeHooks": [],
          "afterHooks": [],
          "tests": [
            {
              "title": "Validar que o usuario foi redirecionamento para página de inventário",
              "fullTitle": "template spec Validar que o usuario foi redirecionamento para página de inventário",
              "timedOut": null,
              "duration": 4964,
              "state": "passed",
              "speed": "fast",
              "pass": true,
              "fail": false,
              "pending": false,
              "context": null,
              "code": "_login.default.preencherLoginSucesso();\n_login.default.botaoConfirmar();\n_inventario.default.mensagemConfirmacaoInventario();\n_inventario.default.adicionarMochilaCarrinho();",
              "err": {},
              "uuid": "24ceda48-817d-448e-af6c-fa270029ae18",
              "parentUUID": "4a2e2b6f-347d-4189-8595-39429d9416b5",
              "isHook": false,
              "skipped": false
            },
            {
              "title": "Validar detalhes do produto Mochila",
              "fullTitle": "template spec Validar detalhes do produto Mochila",
              "timedOut": null,
              "duration": 1361,
              "state": "passed",
              "speed": "fast",
              "pass": true,
              "fail": false,
              "pending": false,
              "context": null,
              "code": "_login.default.preencherLoginSucesso();\n_login.default.botaoConfirmar();\n_inventario.default.mensagemConfirmacaoInventario();\n_inventario.default.descricaoProdutoMochila();\n_inventario.default.textoDescricaoMochila();",
              "err": {},
              "uuid": "37186626-2a54-42dd-9699-2eee383e7377",
              "parentUUID": "4a2e2b6f-347d-4189-8595-39429d9416b5",
              "isHook": false,
              "skipped": false
            },
            {
              "title": "Validar que o produto Mochila está adiconado ao carrinho",
              "fullTitle": "template spec Validar que o produto Mochila está adiconado ao carrinho",
              "timedOut": null,
              "duration": 1961,
              "state": "passed",
              "speed": "fast",
              "pass": true,
              "fail": false,
              "pending": false,
              "context": null,
              "code": "_login.default.preencherLoginSucesso();\n_login.default.botaoConfirmar();\n_inventario.default.mensagemConfirmacaoInventario();\n_inventario.default.adicionarMochilaCarrinho();\n_carrinho.default.botaoCarrinho();\n_carrinho.default.tituloConfirmacaoCarrinho();",
              "err": {},
              "uuid": "18496b52-cd97-4aa3-88ed-570f5f936775",
              "parentUUID": "4a2e2b6f-347d-4189-8595-39429d9416b5",
              "isHook": false,
              "skipped": false
            },
            {
              "title": "Validar remoção do produto Jaqueta do carrinho",
              "fullTitle": "template spec Validar remoção do produto Jaqueta do carrinho",
              "timedOut": null,
              "duration": 1459,
              "state": "passed",
              "speed": "fast",
              "pass": true,
              "fail": false,
              "pending": false,
              "context": null,
              "code": "_login.default.preencherLoginSucesso();\n_login.default.botaoConfirmar();\n_inventario.default.mensagemConfirmacaoInventario();\n_inventario.default.adicionarJaquetaCarrinho();\n_carrinho.default.botaoCarrinho();\n_carrinho.default.tituloConfirmacaoCarrinho();\n_carrinho.default.botaoRemoverJaqueta();",
              "err": {},
              "uuid": "7a283e85-bbdf-4b61-8a33-c45e1ebb801a",
              "parentUUID": "4a2e2b6f-347d-4189-8595-39429d9416b5",
              "isHook": false,
              "skipped": false
            },
            {
              "title": "Validar itens listados no carrinho de compras",
              "fullTitle": "template spec Validar itens listados no carrinho de compras",
              "timedOut": null,
              "duration": 1510,
              "state": "passed",
              "speed": "fast",
              "pass": true,
              "fail": false,
              "pending": false,
              "context": null,
              "code": "_login.default.preencherLoginSucesso();\n_login.default.botaoConfirmar();\n_inventario.default.mensagemConfirmacaoInventario();\n_inventario.default.adicionarbabyBodyCarrinho();\n_inventario.default.adicionarLanternaCarrinho();\n// inventario.adicionarCasacoCarrinho();\n_carrinho.default.botaoCarrinho();\n_carrinho.default.tituloConfirmacaoCarrinho();\n_carrinho.default.textoBabyBody();\n_carrinho.default.textoLanterna();\n// carrinho.textoCasaco();",
              "err": {},
              "uuid": "2ed33329-9601-4157-be1f-c91c44bc3897",
              "parentUUID": "4a2e2b6f-347d-4189-8595-39429d9416b5",
              "isHook": false,
              "skipped": false
            },
            {
              "title": "Validar processo inicial de checkout",
              "fullTitle": "template spec Validar processo inicial de checkout",
              "timedOut": null,
              "duration": 1506,
              "state": "passed",
              "speed": "fast",
              "pass": true,
              "fail": false,
              "pending": false,
              "context": null,
              "code": "_login.default.preencherLoginSucesso();\n_login.default.botaoConfirmar();\n_inventario.default.mensagemConfirmacaoInventario();\n_inventario.default.adicionarLanternaCarrinho();\n_carrinho.default.botaoCarrinho();\n_carrinho.default.tituloConfirmacaoCarrinho();\n_carrinho.default.textoLanterna();\n_carrinho.default.botaoCheckout();",
              "err": {},
              "uuid": "a53a6a9a-241f-4fad-996d-6cfcd4bd669b",
              "parentUUID": "4a2e2b6f-347d-4189-8595-39429d9416b5",
              "isHook": false,
              "skipped": false
            },
            {
              "title": "Validar preenchimento dos campos do checkout",
              "fullTitle": "template spec Validar preenchimento dos campos do checkout",
              "timedOut": null,
              "duration": 2368,
              "state": "passed",
              "speed": "fast",
              "pass": true,
              "fail": false,
              "pending": false,
              "context": null,
              "code": "_login.default.preencherLoginSucesso();\n_login.default.botaoConfirmar();\n_inventario.default.adicionarLanternaCarrinho();\n_carrinho.default.botaoCarrinho();\n_carrinho.default.botaoCheckout();\n_saida.default.preencherCheckout();",
              "err": {},
              "uuid": "3c407a9b-88b5-4401-a69a-d32fdb6665c6",
              "parentUUID": "4a2e2b6f-347d-4189-8595-39429d9416b5",
              "isHook": false,
              "skipped": false
            },
            {
              "title": "Validar a finalização do pedido com informações válidas",
              "fullTitle": "template spec Validar a finalização do pedido com informações válidas",
              "timedOut": null,
              "duration": 2806,
              "state": "passed",
              "speed": "fast",
              "pass": true,
              "fail": false,
              "pending": false,
              "context": null,
              "code": "_login.default.preencherLoginSucesso();\n_login.default.botaoConfirmar();\n_inventario.default.adicionarLanternaCarrinho();\n_carrinho.default.botaoCarrinho();\n_carrinho.default.botaoCheckout();\n_saida.default.preencherCheckout();\n_saida.default.botaoContinue();\n_saida.default.mensagemPayment();\n_saida.default.mensagemShipping();\n_saida.default.botaoFinalizar();\n_saida.default.mensagemFinal();\n_saida.default.botaoBackHome();",
              "err": {},
              "uuid": "0c3d6541-938e-4461-a244-7d2a4ae44069",
              "parentUUID": "4a2e2b6f-347d-4189-8595-39429d9416b5",
              "isHook": false,
              "skipped": false
            },
            {
              "title": "Validar erro ao tentar finalizar o pedido com informações inválidas",
              "fullTitle": "template spec Validar erro ao tentar finalizar o pedido com informações inválidas",
              "timedOut": null,
              "duration": 2831,
              "state": "passed",
              "speed": "fast",
              "pass": true,
              "fail": false,
              "pending": false,
              "context": null,
              "code": "_login.default.preencherLoginSucesso();\n_login.default.botaoConfirmar();\n_inventario.default.adicionarLanternaCarrinho();\n_carrinho.default.botaoCarrinho();\n_carrinho.default.botaoCheckout();\n_saida.default.botaoContinue();\n_saida.default.mensagemErroFirstName();\n_saida.default.preencherPrimeiroNome();\n_saida.default.botaoContinue();\n_saida.default.mensagemErroLastName();\n_saida.default.preencherUltimoNome();\n_saida.default.botaoContinue();\n_saida.default.mensagemErroPostalCode();\n_saida.default.preencherPostalCode();\n_saida.default.botaoContinue();",
              "err": {},
              "uuid": "ae40754e-a94e-40a7-ba9a-046af8d7864b",
              "parentUUID": "4a2e2b6f-347d-4189-8595-39429d9416b5",
              "isHook": false,
              "skipped": false
            },
            {
              "title": "Validar que os produtos estão sendo ordenados por preço crescente",
              "fullTitle": "template spec Validar que os produtos estão sendo ordenados por preço crescente",
              "timedOut": null,
              "duration": 1282,
              "state": "passed",
              "speed": "fast",
              "pass": true,
              "fail": false,
              "pending": false,
              "context": null,
              "code": "_login.default.preencherLoginSucesso();\n_login.default.botaoConfirmar();\n_inventario.default.selecionarOrdenacao('lohi');\n_inventario.default.validarOrdenacaoCrescente();",
              "err": {},
              "uuid": "955c0a8f-9834-4b30-943b-dc5eb468088d",
              "parentUUID": "4a2e2b6f-347d-4189-8595-39429d9416b5",
              "isHook": false,
              "skipped": false
            },
            {
              "title": "Validar que os produtos estão sendo ordenados por preço decrescente",
              "fullTitle": "template spec Validar que os produtos estão sendo ordenados por preço decrescente",
              "timedOut": null,
              "duration": 1243,
              "state": "passed",
              "speed": "fast",
              "pass": true,
              "fail": false,
              "pending": false,
              "context": null,
              "code": "_login.default.preencherLoginSucesso();\n_login.default.botaoConfirmar();\n_inventario.default.selecionarOrdenacao('hilo');\n_inventario.default.validarOrdenacaoDecrescente();",
              "err": {},
              "uuid": "2bad16e0-7dcd-4938-8e03-fc41b8cdb84b",
              "parentUUID": "4a2e2b6f-347d-4189-8595-39429d9416b5",
              "isHook": false,
              "skipped": false
            },
            {
              "title": "Validar que os produtos estão sendo ordenados por nome A-Z",
              "fullTitle": "template spec Validar que os produtos estão sendo ordenados por nome A-Z",
              "timedOut": null,
              "duration": 1201,
              "state": "passed",
              "speed": "fast",
              "pass": true,
              "fail": false,
              "pending": false,
              "context": null,
              "code": "_login.default.preencherLoginSucesso();\n_login.default.botaoConfirmar();\n_inventario.default.selecionarOrdenacao('az');\n_inventario.default.validarOrdenacaoNomeAZ();",
              "err": {},
              "uuid": "e2025aa5-e662-4482-a266-888522408510",
              "parentUUID": "4a2e2b6f-347d-4189-8595-39429d9416b5",
              "isHook": false,
              "skipped": false
            },
            {
              "title": "Validar que os produtos estão sendo ordenados por nome Z-A",
              "fullTitle": "template spec Validar que os produtos estão sendo ordenados por nome Z-A",
              "timedOut": null,
              "duration": 1320,
              "state": "passed",
              "speed": "fast",
              "pass": true,
              "fail": false,
              "pending": false,
              "context": null,
              "code": "_login.default.preencherLoginSucesso();\n_login.default.botaoConfirmar();\n_inventario.default.selecionarOrdenacao('za');\n_inventario.default.validarOrdenacaoNomeZA();",
              "err": {},
              "uuid": "05045300-58a6-4e1e-b561-66d60e34701a",
              "parentUUID": "4a2e2b6f-347d-4189-8595-39429d9416b5",
              "isHook": false,
              "skipped": false
            }
          ],
          "suites": [],
          "passes": [
            "24ceda48-817d-448e-af6c-fa270029ae18",
            "37186626-2a54-42dd-9699-2eee383e7377",
            "18496b52-cd97-4aa3-88ed-570f5f936775",
            "7a283e85-bbdf-4b61-8a33-c45e1ebb801a",
            "2ed33329-9601-4157-be1f-c91c44bc3897",
            "a53a6a9a-241f-4fad-996d-6cfcd4bd669b",
            "3c407a9b-88b5-4401-a69a-d32fdb6665c6",
            "0c3d6541-938e-4461-a244-7d2a4ae44069",
            "ae40754e-a94e-40a7-ba9a-046af8d7864b",
            "955c0a8f-9834-4b30-943b-dc5eb468088d",
            "2bad16e0-7dcd-4938-8e03-fc41b8cdb84b",
            "e2025aa5-e662-4482-a266-888522408510",
            "05045300-58a6-4e1e-b561-66d60e34701a"
          ],
          "failures": [],
          "pending": [],
          "skipped": [],
          "duration": 25812,
          "root": false,
          "rootEmpty": false,
          "_timeout": 2000
        }
      ],
      "passes": [],
      "failures": [],
      "pending": [],
      "skipped": [],
      "duration": 0,
      "root": true,
      "rootEmpty": true,
      "_timeout": 2000
    }
  ],
  "meta": {
    "mocha": {
      "version": "7.0.1"
    },
    "mochawesome": {
      "options": {
        "quiet": false,
        "reportFilename": "mochawesome",
        "saveHtml": true,
        "saveJson": true,
        "consoleReporter": "spec",
        "useInlineDiffs": false,
        "code": true
      },
      "version": "7.1.3"
    },
    "marge": {
      "options": {
        "reportDir": "cypress/reports",
        "overwrite": false,
        "html": true,
        "json": true
      },
      "version": "6.2.0"
    }
  }
}