{
  "stats": {
    "suites": 1,
    "tests": 3,
    "passes": 3,
    "pending": 0,
    "failures": 0,
    "start": "2025-01-24T19:11:12.755Z",
    "end": "2025-01-24T19:11:19.314Z",
    "duration": 6559,
    "testsRegistered": 3,
    "passPercent": 100,
    "pendingPercent": 0,
    "other": 0,
    "hasOther": false,
    "skipped": 0,
    "hasSkipped": false
  },
  "results": [
    {
      "uuid": "43ddf9c5-dc32-42fa-9f23-7124b0c4289e",
      "title": "",
      "fullFile": "cypress\\e2e\\Integration\\Teste-Login.cy.js",
      "file": "cypress\\e2e\\Integration\\Teste-Login.cy.js",
      "beforeHooks": [],
      "afterHooks": [],
      "tests": [],
      "suites": [
        {
          "uuid": "2f339eed-0d39-432b-82ca-4a18392e30b9",
          "title": "template spec",
          "fullFile": "",
          "file": "",
          "beforeHooks": [],
          "afterHooks": [],
          "tests": [
            {
              "title": "Validar login com credenciais válidas",
              "fullTitle": "template spec Validar login com credenciais válidas",
              "timedOut": null,
              "duration": 2603,
              "state": "passed",
              "speed": "fast",
              "pass": true,
              "fail": false,
              "pending": false,
              "context": null,
              "code": "_login.default.preencherLoginSucesso();\n_login.default.botaoConfirmar();\n_login.default.mensagemConfirmacao();",
              "err": {},
              "uuid": "409db397-586b-40b4-851e-ba630b909ef7",
              "parentUUID": "2f339eed-0d39-432b-82ca-4a18392e30b9",
              "isHook": false,
              "skipped": false
            },
            {
              "title": "Validar login com usuário bloqueado",
              "fullTitle": "template spec Validar login com usuário bloqueado",
              "timedOut": null,
              "duration": 1092,
              "state": "passed",
              "speed": "fast",
              "pass": true,
              "fail": false,
              "pending": false,
              "context": null,
              "code": "_login.default.preencherLoginBloqueado();\n_login.default.botaoConfirmar();\n_login.default.mensagemUsuarioBloqueado();",
              "err": {},
              "uuid": "00ef67d0-d50a-4fd3-ba93-32ad92ab50c6",
              "parentUUID": "2f339eed-0d39-432b-82ca-4a18392e30b9",
              "isHook": false,
              "skipped": false
            },
            {
              "title": "Validar login com credenciais inválidas",
              "fullTitle": "template spec Validar login com credenciais inválidas",
              "timedOut": null,
              "duration": 875,
              "state": "passed",
              "speed": "fast",
              "pass": true,
              "fail": false,
              "pending": false,
              "context": null,
              "code": "_login.default.preencherLoginInvalido();\n_login.default.botaoConfirmar();\n_login.default.mensagemUsuarioInvalido();",
              "err": {},
              "uuid": "5a6b8df6-1b05-4dee-9afa-ce3fe429ca1e",
              "parentUUID": "2f339eed-0d39-432b-82ca-4a18392e30b9",
              "isHook": false,
              "skipped": false
            }
          ],
          "suites": [],
          "passes": [
            "409db397-586b-40b4-851e-ba630b909ef7",
            "00ef67d0-d50a-4fd3-ba93-32ad92ab50c6",
            "5a6b8df6-1b05-4dee-9afa-ce3fe429ca1e"
          ],
          "failures": [],
          "pending": [],
          "skipped": [],
          "duration": 4570,
          "root": false,
          "rootEmpty": false,
          "_timeout": 2000
        }
      ],
      "passes": [],
      "failures": [],
      "pending": [],
      "skipped": [],
      "duration": 0,
      "root": true,
      "rootEmpty": true,
      "_timeout": 2000
    }
  ],
  "meta": {
    "mocha": {
      "version": "7.0.1"
    },
    "mochawesome": {
      "options": {
        "quiet": false,
        "reportFilename": "mochawesome",
        "saveHtml": true,
        "saveJson": true,
        "consoleReporter": "spec",
        "useInlineDiffs": false,
        "code": true
      },
      "version": "7.1.3"
    },
    "marge": {
      "options": {
        "reportDir": "cypress/reports",
        "overwrite": false,
        "html": true,
        "json": true
      },
      "version": "6.2.0"
    }
  }
}